2023-05-26 21:22:10,036 - minecraft - INFO - Starting subprocess with commands: ['java', '-XX:HeapDumpPath=MojangTricksIntelDriversForPerformance_javaw.exe_minecraft.exe.heapdump', '-Dos.name=Windows 10', '-Dos.version=10.0', '-Xss1M', '-Djava.library.path=C:\\Users\\daswe.DESKTOP-RETDOD3\\AppData\\Roaming\\.minecraft\\versions\\fabric-loader-0.14.18-1.19\\natives', '-Dminecraft.launcher.brand=minecraft-launcher-lib', '-Dminecraft.launcher.version=5.3', '-cp', 'C:\\Users\\daswe.DESKTOP-RETDOD3\\AppData\\Roaming\\.minecraft\\libraries\\net\\fabricmc\\tiny-mappings-parser\\0.3.0+build.17\\tiny-mappings-parser-0.3.0+build.17.jar;C:\\Users\\daswe.DESKTOP-RETDOD3\\AppData\\Roaming\\.minecraft\\libraries\\net\\fabricmc\\sponge-mixin\\0.12.4+mixin.0.8.5\\sponge-mixin-0.12.4+mixin.0.8.5.jar;C:\\Users\\daswe.DESKTOP-RETDOD3\\AppData\\Roaming\\.minecraft\\libraries\\net\\fabricmc\\tiny-remapper\\0.8.2\\tiny-remapper-0.8.2.jar;C:\\Users\\daswe.DESKTOP-RETDOD3\\AppData\\Roaming\\.minecraft\\libraries\\net\\fabricmc\\access-widener\\2.1.0\\access-widener-2.1.0.jar;C:\\Users\\daswe.DESKTOP-RETDOD3\\AppData\\Roaming\\.minecraft\\libraries\\org\\ow2\\asm\\asm\\9.4\\asm-9.4.jar;C:\\Users\\daswe.DESKTOP-RETDOD3\\AppData\\Roaming\\.minecraft\\libraries\\org\\ow2\\asm\\asm-analysis\\9.4\\asm-analysis-9.4.jar;C:\\Users\\daswe.DESKTOP-RETDOD3\\AppData\\Roaming\\.minecraft\\libraries\\org\\ow2\\asm\\asm-commons\\9.4\\asm-commons-9.4.jar;C:\\Users\\daswe.DESKTOP-RETDOD3\\AppData\\Roaming\\.minecraft\\libraries\\org\\ow2\\asm\\asm-tree\\9.4\\asm-tree-9.4.jar;C:\\Users\\daswe.DESKTOP-RETDOD3\\AppData\\Roaming\\.minecraft\\libraries\\org\\ow2\\asm\\asm-util\\9.4\\asm-util-9.4.jar;C:\\Users\\daswe.DESKTOP-RETDOD3\\AppData\\Roaming\\.minecraft\\libraries\\net\\fabricmc\\intermediary\\1.19\\intermediary-1.19.jar;C:\\Users\\daswe.DESKTOP-RETDOD3\\AppData\\Roaming\\.minecraft\\libraries\\net\\fabricmc\\fabric-loader\\0.14.18\\fabric-loader-0.14.18.jar;C:\\Users\\daswe.DESKTOP-RETDOD3\\AppData\\Roaming\\.minecraft\\libraries\\com\\mojang\\logging\\1.0.0\\logging-1.0.0.jar;C:\\Users\\daswe.DESKTOP-RETDOD3\\AppData\\Roaming\\.minecraft\\libraries\\com\\mojang\\blocklist\\1.0.10\\blocklist-1.0.10.jar;C:\\Users\\daswe.DESKTOP-RETDOD3\\AppData\\Roaming\\.minecraft\\libraries\\com\\mojang\\patchy\\2.2.10\\patchy-2.2.10.jar;C:\\Users\\daswe.DESKTOP-RETDOD3\\AppData\\Roaming\\.minecraft\\libraries\\com\\github\\oshi\\oshi-core\\5.8.5\\oshi-core-5.8.5.jar;C:\\Users\\daswe.DESKTOP-RETDOD3\\AppData\\Roaming\\.minecraft\\libraries\\net\\java\\dev\\jna\\jna\\5.10.0\\jna-5.10.0.jar;C:\\Users\\daswe.DESKTOP-RETDOD3\\AppData\\Roaming\\.minecraft\\libraries\\net\\java\\dev\\jna\\jna-platform\\5.10.0\\jna-platform-5.10.0.jar;C:\\Users\\daswe.DESKTOP-RETDOD3\\AppData\\Roaming\\.minecraft\\libraries\\org\\slf4j\\slf4j-api\\1.8.0-beta4\\slf4j-api-1.8.0-beta4.jar;C:\\Users\\daswe.DESKTOP-RETDOD3\\AppData\\Roaming\\.minecraft\\libraries\\org\\apache\\logging\\log4j\\log4j-slf4j18-impl\\2.17.0\\log4j-slf4j18-impl-2.17.0.jar;C:\\Users\\daswe.DESKTOP-RETDOD3\\AppData\\Roaming\\.minecraft\\libraries\\com\\ibm\\icu\\icu4j\\70.1\\icu4j-70.1.jar;C:\\Users\\daswe.DESKTOP-RETDOD3\\AppData\\Roaming\\.minecraft\\libraries\\com\\mojang\\javabridge\\1.2.24\\javabridge-1.2.24.jar;C:\\Users\\daswe.DESKTOP-RETDOD3\\AppData\\Roaming\\.minecraft\\libraries\\net\\sf\\jopt-simple\\jopt-simple\\5.0.4\\jopt-simple-5.0.4.jar;C:\\Users\\daswe.DESKTOP-RETDOD3\\AppData\\Roaming\\.minecraft\\libraries\\io\\netty\\netty-common\\4.1.77.Final\\netty-common-4.1.77.Final.jar;C:\\Users\\daswe.DESKTOP-RETDOD3\\AppData\\Roaming\\.minecraft\\libraries\\io\\netty\\netty-buffer\\4.1.77.Final\\netty-buffer-4.1.77.Final.jar;C:\\Users\\daswe.DESKTOP-RETDOD3\\AppData\\Roaming\\.minecraft\\libraries\\io\\netty\\netty-codec\\4.1.77.Final\\netty-codec-4.1.77.Final.jar;C:\\Users\\daswe.DESKTOP-RETDOD3\\AppData\\Roaming\\.minecraft\\libraries\\io\\netty\\netty-handler\\4.1.77.Final\\netty-handler-4.1.77.Final.jar;C:\\Users\\daswe.DESKTOP-RETDOD3\\AppData\\Roaming\\.minecraft\\libraries\\io\\netty\\netty-resolver\\4.1.77.Final\\netty-resolver-4.1.77.Final.jar;C:\\Users\\daswe.DESKTOP-RETDOD3\\AppData\\Roaming\\.minecraft\\libraries\\io\\netty\\netty-transport\\4.1.77.Final\\netty-transport-4.1.77.Final.jar;C:\\Users\\daswe.DESKTOP-RETDOD3\\AppData\\Roaming\\.minecraft\\libraries\\io\\netty\\netty-transport-native-unix-common\\4.1.77.Final\\netty-transport-native-unix-common-4.1.77.Final.jar;C:\\Users\\daswe.DESKTOP-RETDOD3\\AppData\\Roaming\\.minecraft\\libraries\\io\\netty\\netty-transport-classes-epoll\\4.1.77.Final\\netty-transport-classes-epoll-4.1.77.Final.jar;C:\\Users\\daswe.DESKTOP-RETDOD3\\AppData\\Roaming\\.minecraft\\libraries\\com\\google\\guava\\failureaccess\\1.0.1\\failureaccess-1.0.1.jar;C:\\Users\\daswe.DESKTOP-RETDOD3\\AppData\\Roaming\\.minecraft\\libraries\\com\\google\\guava\\guava\\31.0.1-jre\\guava-31.0.1-jre.jar;C:\\Users\\daswe.DESKTOP-RETDOD3\\AppData\\Roaming\\.minecraft\\libraries\\org\\apache\\commons\\commons-lang3\\3.12.0\\commons-lang3-3.12.0.jar;C:\\Users\\daswe.DESKTOP-RETDOD3\\AppData\\Roaming\\.minecraft\\libraries\\commons-io\\commons-io\\2.11.0\\commons-io-2.11.0.jar;C:\\Users\\daswe.DESKTOP-RETDOD3\\AppData\\Roaming\\.minecraft\\libraries\\commons-codec\\commons-codec\\1.15\\commons-codec-1.15.jar;C:\\Users\\daswe.DESKTOP-RETDOD3\\AppData\\Roaming\\.minecraft\\libraries\\com\\mojang\\brigadier\\1.0.18\\brigadier-1.0.18.jar;C:\\Users\\daswe.DESKTOP-RETDOD3\\AppData\\Roaming\\.minecraft\\libraries\\com\\mojang\\datafixerupper\\5.0.28\\datafixerupper-5.0.28.jar;C:\\Users\\daswe.DESKTOP-RETDOD3\\AppData\\Roaming\\.minecraft\\libraries\\com\\google\\code\\gson\\gson\\2.8.9\\gson-2.8.9.jar;C:\\Users\\daswe.DESKTOP-RETDOD3\\AppData\\Roaming\\.minecraft\\libraries\\com\\mojang\\authlib\\3.5.41\\authlib-3.5.41.jar;C:\\Users\\daswe.DESKTOP-RETDOD3\\AppData\\Roaming\\.minecraft\\libraries\\org\\apache\\commons\\commons-compress\\1.21\\commons-compress-1.21.jar;C:\\Users\\daswe.DESKTOP-RETDOD3\\AppData\\Roaming\\.minecraft\\libraries\\org\\apache\\httpcomponents\\httpclient\\4.5.13\\httpclient-4.5.13.jar;C:\\Users\\daswe.DESKTOP-RETDOD3\\AppData\\Roaming\\.minecraft\\libraries\\commons-logging\\commons-logging\\1.2\\commons-logging-1.2.jar;C:\\Users\\daswe.DESKTOP-RETDOD3\\AppData\\Roaming\\.minecraft\\libraries\\org\\apache\\httpcomponents\\httpcore\\4.4.14\\httpcore-4.4.14.jar;C:\\Users\\daswe.DESKTOP-RETDOD3\\AppData\\Roaming\\.minecraft\\libraries\\it\\unimi\\dsi\\fastutil\\8.5.6\\fastutil-8.5.6.jar;C:\\Users\\daswe.DESKTOP-RETDOD3\\AppData\\Roaming\\.minecraft\\libraries\\org\\apache\\logging\\log4j\\log4j-api\\2.17.0\\log4j-api-2.17.0.jar;C:\\Users\\daswe.DESKTOP-RETDOD3\\AppData\\Roaming\\.minecraft\\libraries\\org\\apache\\logging\\log4j\\log4j-core\\2.17.0\\log4j-core-2.17.0.jar;C:\\Users\\daswe.DESKTOP-RETDOD3\\AppData\\Roaming\\.minecraft\\libraries\\org\\lwjgl\\lwjgl\\3.3.1\\lwjgl-3.3.1.jar;C:\\Users\\daswe.DESKTOP-RETDOD3\\AppData\\Roaming\\.minecraft\\libraries\\org\\lwjgl\\lwjgl\\3.3.1\\lwjgl-3.3.1-natives-windows.jar;C:\\Users\\daswe.DESKTOP-RETDOD3\\AppData\\Roaming\\.minecraft\\libraries\\org\\lwjgl\\lwjgl\\3.3.1\\lwjgl-3.3.1-natives-windows-x86.jar;C:\\Users\\daswe.DESKTOP-RETDOD3\\AppData\\Roaming\\.minecraft\\libraries\\org\\lwjgl\\lwjgl-jemalloc\\3.3.1\\lwjgl-jemalloc-3.3.1.jar;C:\\Users\\daswe.DESKTOP-RETDOD3\\AppData\\Roaming\\.minecraft\\libraries\\org\\lwjgl\\lwjgl-jemalloc\\3.3.1\\lwjgl-jemalloc-3.3.1-natives-windows.jar;C:\\Users\\daswe.DESKTOP-RETDOD3\\AppData\\Roaming\\.minecraft\\libraries\\org\\lwjgl\\lwjgl-jemalloc\\3.3.1\\lwjgl-jemalloc-3.3.1-natives-windows-x86.jar;C:\\Users\\daswe.DESKTOP-RETDOD3\\AppData\\Roaming\\.minecraft\\libraries\\org\\lwjgl\\lwjgl-openal\\3.3.1\\lwjgl-openal-3.3.1.jar;C:\\Users\\daswe.DESKTOP-RETDOD3\\AppData\\Roaming\\.minecraft\\libraries\\org\\lwjgl\\lwjgl-openal\\3.3.1\\lwjgl-openal-3.3.1-natives-windows.jar;C:\\Users\\daswe.DESKTOP-RETDOD3\\AppData\\Roaming\\.minecraft\\libraries\\org\\lwjgl\\lwjgl-openal\\3.3.1\\lwjgl-openal-3.3.1-natives-windows-x86.jar;C:\\Users\\daswe.DESKTOP-RETDOD3\\AppData\\Roaming\\.minecraft\\libraries\\org\\lwjgl\\lwjgl-opengl\\3.3.1\\lwjgl-opengl-3.3.1.jar;C:\\Users\\daswe.DESKTOP-RETDOD3\\AppData\\Roaming\\.minecraft\\libraries\\org\\lwjgl\\lwjgl-opengl\\3.3.1\\lwjgl-opengl-3.3.1-natives-windows.jar;C:\\Users\\daswe.DESKTOP-RETDOD3\\AppData\\Roaming\\.minecraft\\libraries\\org\\lwjgl\\lwjgl-opengl\\3.3.1\\lwjgl-opengl-3.3.1-natives-windows-x86.jar;C:\\Users\\daswe.DESKTOP-RETDOD3\\AppData\\Roaming\\.minecraft\\libraries\\org\\lwjgl\\lwjgl-glfw\\3.3.1\\lwjgl-glfw-3.3.1.jar;C:\\Users\\daswe.DESKTOP-RETDOD3\\AppData\\Roaming\\.minecraft\\libraries\\org\\lwjgl\\lwjgl-glfw\\3.3.1\\lwjgl-glfw-3.3.1-natives-windows.jar;C:\\Users\\daswe.DESKTOP-RETDOD3\\AppData\\Roaming\\.minecraft\\libraries\\org\\lwjgl\\lwjgl-glfw\\3.3.1\\lwjgl-glfw-3.3.1-natives-windows-x86.jar;C:\\Users\\daswe.DESKTOP-RETDOD3\\AppData\\Roaming\\.minecraft\\libraries\\org\\lwjgl\\lwjgl-stb\\3.3.1\\lwjgl-stb-3.3.1.jar;C:\\Users\\daswe.DESKTOP-RETDOD3\\AppData\\Roaming\\.minecraft\\libraries\\org\\lwjgl\\lwjgl-stb\\3.3.1\\lwjgl-stb-3.3.1-natives-windows.jar;C:\\Users\\daswe.DESKTOP-RETDOD3\\AppData\\Roaming\\.minecraft\\libraries\\org\\lwjgl\\lwjgl-stb\\3.3.1\\lwjgl-stb-3.3.1-natives-windows-x86.jar;C:\\Users\\daswe.DESKTOP-RETDOD3\\AppData\\Roaming\\.minecraft\\libraries\\org\\lwjgl\\lwjgl-tinyfd\\3.3.1\\lwjgl-tinyfd-3.3.1.jar;C:\\Users\\daswe.DESKTOP-RETDOD3\\AppData\\Roaming\\.minecraft\\libraries\\org\\lwjgl\\lwjgl-tinyfd\\3.3.1\\lwjgl-tinyfd-3.3.1-natives-windows.jar;C:\\Users\\daswe.DESKTOP-RETDOD3\\AppData\\Roaming\\.minecraft\\libraries\\org\\lwjgl\\lwjgl-tinyfd\\3.3.1\\lwjgl-tinyfd-3.3.1-natives-windows-x86.jar;C:\\Users\\daswe.DESKTOP-RETDOD3\\AppData\\Roaming\\.minecraft\\libraries\\com\\mojang\\text2speech\\1.16.7\\text2speech-1.16.7.jar;C:\\Users\\daswe.DESKTOP-RETDOD3\\AppData\\Roaming\\.minecraft\\libraries\\org\\lwjgl\\lwjgl-glfw\\3.3.1\\lwjgl-glfw-3.3.1-natives-windows-arm64.jar;C:\\Users\\daswe.DESKTOP-RETDOD3\\AppData\\Roaming\\.minecraft\\libraries\\org\\lwjgl\\lwjgl-jemalloc\\3.3.1\\lwjgl-jemalloc-3.3.1-natives-windows-arm64.jar;C:\\Users\\daswe.DESKTOP-RETDOD3\\AppData\\Roaming\\.minecraft\\libraries\\org\\lwjgl\\lwjgl-openal\\3.3.1\\lwjgl-openal-3.3.1-natives-windows-arm64.jar;C:\\Users\\daswe.DESKTOP-RETDOD3\\AppData\\Roaming\\.minecraft\\libraries\\org\\lwjgl\\lwjgl-opengl\\3.3.1\\lwjgl-opengl-3.3.1-natives-windows-arm64.jar;C:\\Users\\daswe.DESKTOP-RETDOD3\\AppData\\Roaming\\.minecraft\\libraries\\org\\lwjgl\\lwjgl-stb\\3.3.1\\lwjgl-stb-3.3.1-natives-windows-arm64.jar;C:\\Users\\daswe.DESKTOP-RETDOD3\\AppData\\Roaming\\.minecraft\\libraries\\org\\lwjgl\\lwjgl-tinyfd\\3.3.1\\lwjgl-tinyfd-3.3.1-natives-windows-arm64.jar;C:\\Users\\daswe.DESKTOP-RETDOD3\\AppData\\Roaming\\.minecraft\\libraries\\org\\lwjgl\\lwjgl\\3.3.1\\lwjgl-3.3.1-natives-windows-arm64.jar;C:\\Users\\daswe.DESKTOP-RETDOD3\\AppData\\Roaming\\.minecraft\\versions\\fabric-loader-0.14.18-1.19\\fabric-loader-0.14.18-1.19.jar', '-DFabricMcEmu= net.minecraft.client.main.Main ', 'net.fabricmc.loader.impl.launch.knot.KnotClient', '--username', 'daswer123', '--version', 'fabric-loader-0.14.18-1.19', '--gameDir', 'C:\\Users\\daswe.DESKTOP-RETDOD3\\AppData\\Roaming\\.minecraft', '--assetsDir', 'C:\\Users\\daswe.DESKTOP-RETDOD3\\AppData\\Roaming\\.minecraft\\assets', '--assetIndex', '1.19', '--uuid', 'edbe547f59d84602a9ed1e4ca39f07c5', '--accessToken', 'eyJraWQiOiJhYzg0YSIsImFsZyI6IkhTMjU2In0.eyJ4dWlkIjoiMjUzNTQ3MjcxMzE0OTc4NSIsImFnZyI6IkFkdWx0Iiwic3ViIjoiZGY3NWM1MjUtZGZjZC00YTA5LWExYWMtYTE1NzUwMmUxNDMxIiwiYXV0aCI6IlhCT1giLCJucyI6ImRlZmF1bHQiLCJyb2xlcyI6W10sImlzcyI6ImF1dGhlbnRpY2F0aW9uIiwiZmxhZ3MiOlsidHdvZmFjdG9yYXV0aCIsIm9yZGVyc18yMDIyIl0sInBsYXRmb3JtIjoiVU5LTk9XTiIsInl1aWQiOiI3ZGU4MDg0NWIwMWIzMmM3MThlZWRmNjVjZmNlZjhlYiIsIm5iZiI6MTY4NTExNDg0MSwiZXhwIjoxNjg1MjAxMjQxLCJpYXQiOjE2ODUxMTQ4NDF9.qPJp7v9vCtlvCIUH9iIUDNQDzvzHD3W6NhXpsmyV2-U', '--clientId', '${clientid}', '--xuid', '${auth_xuid}', '--userType', 'mojang', '--versionType', 'release']
2023-05-26 21:22:10,926 - minecraft - INFO - [21:22:10] [main/INFO]: Loading Minecraft 1.19 with Fabric Loader 0.14.18
2023-05-26 21:22:11,028 - minecraft - INFO - [21:22:11] [main/INFO]: Loading 58 mods:
2023-05-26 21:22:11,028 - minecraft - INFO - - better_respawn 1.19-2.0.0
2023-05-26 21:22:11,028 - minecraft - INFO - - completeconfig 2.0.0
2023-05-26 21:22:11,028 - minecraft - INFO - |-- coat 1.0.0-beta.17+mc22w17a
2023-05-26 21:22:11,028 - minecraft - INFO - |-- completeconfig-base 2.0.0
2023-05-26 21:22:11,028 - minecraft - INFO - |-- completeconfig-gui-cloth 2.0.0
2023-05-26 21:22:11,028 - minecraft - INFO - \-- completeconfig-gui-coat 2.0.0
2023-05-26 21:22:11,028 - minecraft - INFO - - fabric 0.58.0+1.19
2023-05-26 21:22:11,028 - minecraft - INFO - |-- fabric-api-base 0.4.9+e62f51a3a9
2023-05-26 21:22:11,029 - minecraft - INFO - |-- fabric-api-lookup-api-v1 1.6.7+9ff28f40a9
2023-05-26 21:22:11,029 - minecraft - INFO - |-- fabric-biome-api-v1 9.0.14+b2a4a624a9
2023-05-26 21:22:11,029 - minecraft - INFO - |-- fabric-blockrenderlayer-v1 1.1.18+9ff28f40a9
2023-05-26 21:22:11,029 - minecraft - INFO - |-- fabric-command-api-v1 1.2.6+f71b366fa9
2023-05-26 21:22:11,029 - minecraft - INFO - |-- fabric-command-api-v2 2.1.2+0d55f585a9
2023-05-26 21:22:11,029 - minecraft - INFO - |-- fabric-commands-v0 0.2.23+df3654b3a9
2023-05-26 21:22:11,029 - minecraft - INFO - |-- fabric-containers-v0 0.1.28+df3654b3a9
2023-05-26 21:22:11,029 - minecraft - INFO - |-- fabric-content-registries-v0 3.2.1+07df213ea9
2023-05-26 21:22:11,029 - minecraft - INFO - |-- fabric-convention-tags-v1 1.0.8+37622d24a9
2023-05-26 21:22:11,029 - minecraft - INFO - |-- fabric-crash-report-info-v1 0.2.3+bd0a0d4aa9
2023-05-26 21:22:11,029 - minecraft - INFO - |-- fabric-data-generation-api-v1 5.1.2+a680b9b4a9
2023-05-26 21:22:11,029 - minecraft - INFO - |-- fabric-dimensions-v1 2.1.28+a6d2f785a9
2023-05-26 21:22:11,029 - minecraft - INFO - |-- fabric-entity-events-v1 1.4.16+9ff28f40a9
2023-05-26 21:22:11,029 - minecraft - INFO - |-- fabric-events-interaction-v0 0.4.26+9ff28f40a9
2023-05-26 21:22:11,029 - minecraft - INFO - |-- fabric-events-lifecycle-v0 0.2.26+df3654b3a9
2023-05-26 21:22:11,029 - minecraft - INFO - |-- fabric-game-rule-api-v1 1.0.19+18990361a9
2023-05-26 21:22:11,029 - minecraft - INFO - |-- fabric-item-api-v1 1.5.5+35a03c43a9
2023-05-26 21:22:11,029 - minecraft - INFO - |-- fabric-item-groups-v0 0.3.26+9ff28f40a9
2023-05-26 21:22:11,029 - minecraft - INFO - |-- fabric-key-binding-api-v1 1.0.18+9ff28f40a9
2023-05-26 21:22:11,029 - minecraft - INFO - |-- fabric-keybindings-v0 0.2.16+df3654b3a9
2023-05-26 21:22:11,029 - minecraft - INFO - |-- fabric-lifecycle-events-v1 2.1.0+33fbc738a9
2023-05-26 21:22:11,029 - minecraft - INFO - |-- fabric-loot-api-v2 1.1.1+03a4e568a9
2023-05-26 21:22:11,029 - minecraft - INFO - |-- fabric-loot-tables-v1 1.1.4+9e7660c6a9
2023-05-26 21:22:11,029 - minecraft - INFO - |-- fabric-message-api-v1 1.0.1+513f4a59a9
2023-05-26 21:22:11,029 - minecraft - INFO - |-- fabric-mining-level-api-v1 2.1.11+33fbc738a9
2023-05-26 21:22:11,029 - minecraft - INFO - |-- fabric-models-v0 0.3.15+9ff28f40a9
2023-05-26 21:22:11,029 - minecraft - INFO - |-- fabric-networking-api-v1 1.1.0+442de8b8a9
2023-05-26 21:22:11,029 - minecraft - INFO - |-- fabric-networking-v0 0.3.15+df3654b3a9
2023-05-26 21:22:11,029 - minecraft - INFO - |-- fabric-object-builder-api-v1 4.0.8+9ff28f40a9
2023-05-26 21:22:11,029 - minecraft - INFO - |-- fabric-particles-v1 1.0.8+dc39553aa9
2023-05-26 21:22:11,029 - minecraft - INFO - |-- fabric-registry-sync-v0 0.9.18+23c4cfefa9
2023-05-26 21:22:11,029 - minecraft - INFO - |-- fabric-renderer-api-v1 1.0.8+9ff28f40a9
2023-05-26 21:22:11,029 - minecraft - INFO - |-- fabric-renderer-indigo 0.6.10+5187d39fa9
2023-05-26 21:22:11,029 - minecraft - INFO - |-- fabric-renderer-registries-v1 3.2.18+df3654b3a9
2023-05-26 21:22:11,029 - minecraft - INFO - |-- fabric-rendering-data-attachment-v1 0.3.12+9ff28f40a9
2023-05-26 21:22:11,029 - minecraft - INFO - |-- fabric-rendering-fluids-v1 3.0.5+9ff28f40a9
2023-05-26 21:22:11,029 - minecraft - INFO - |-- fabric-rendering-v0 1.1.20+df3654b3a9
2023-05-26 21:22:11,029 - minecraft - INFO - |-- fabric-rendering-v1 1.10.14+9ff28f40a9
2023-05-26 21:22:11,029 - minecraft - INFO - |-- fabric-resource-conditions-api-v1 2.0.9+e62f51a3a9
2023-05-26 21:22:11,029 - minecraft - INFO - |-- fabric-resource-loader-v0 0.5.6+5f1a85e0a9
2023-05-26 21:22:11,029 - minecraft - INFO - |-- fabric-screen-api-v1 1.0.24+f05effafa9
2023-05-26 21:22:11,029 - minecraft - INFO - |-- fabric-screen-handler-api-v1 1.2.7+9ff28f40a9
2023-05-26 21:22:11,029 - minecraft - INFO - |-- fabric-textures-v0 1.0.18+9ff28f40a9
2023-05-26 21:22:11,029 - minecraft - INFO - |-- fabric-transfer-api-v1 2.0.9+e62f51a3a9
2023-05-26 21:22:11,029 - minecraft - INFO - \-- fabric-transitive-access-wideners-v1 1.1.1+9e7660c6a9
2023-05-26 21:22:11,029 - minecraft - INFO - - fabricloader 0.14.18
2023-05-26 21:22:11,030 - minecraft - INFO - - java 17
2023-05-26 21:22:11,030 - minecraft - INFO - - minecraft 1.19
2023-05-26 21:22:11,030 - minecraft - INFO - - modmenu 4.0.4
2023-05-26 21:22:11,030 - minecraft - INFO - - serverpause 1.1.0
2023-05-26 21:22:11,127 - minecraft - INFO - [21:22:11] [main/INFO]: SpongePowered MIXIN Subsystem Version=0.8.5 Source=file:/C:/Users/daswe.DESKTOP-RETDOD3/AppData/Roaming/.minecraft/libraries/net/fabricmc/sponge-mixin/0.12.4+mixin.0.8.5/sponge-mixin-0.12.4+mixin.0.8.5.jar Service=Knot/Fabric Env=CLIENT
2023-05-26 21:22:11,208 - minecraft - INFO - [21:22:11] [main/INFO]: Compatibility level set to JAVA_17
2023-05-26 21:22:14,791 - minecraft - INFO - [21:22:14] [main/INFO]: Building optimized datafixer
2023-05-26 21:22:17,884 - minecraft - INFO - [21:22:17] [Render thread/INFO]: Environment: authHost='https://authserver.mojang.com', accountsHost='https://api.mojang.com', sessionHost='https://sessionserver.mojang.com', servicesHost='https://api.minecraftservices.com', name='PROD'
2023-05-26 21:22:18,846 - minecraft - INFO - [21:22:18] [Render thread/INFO]: Setting user: daswer123
2023-05-26 21:22:19,747 - minecraft - INFO - [21:22:19] [Render thread/INFO]: [Indigo] Registering Indigo renderer!
2023-05-26 21:22:20,277 - minecraft - INFO - [21:22:20] [Render thread/INFO]: Backend library: LWJGL version 3.3.1 SNAPSHOT
2023-05-26 21:22:25,806 - minecraft - INFO - [21:22:25] [Render thread/INFO]: Reloading ResourceManager: Default, Fabric Mods (Coat, completeconfig-base, completeconfig-gui-coat, Fabric API, Fabric API Base, Fabric API Lookup API (v1), Fabric Biome API (v1), Fabric BlockRenderLayer Registration (v1), Fabric Command API (v1), Fabric Command API (v2), Fabric Commands (v0), Fabric Containers (v0), Fabric Content Registries (v0), Fabric Convention Tags, Fabric Crash Report Info (v1), Fabric Data Generation API (v1), Fabric Dimensions API (v1), Fabric Entity Events (v1), Fabric Events Interaction (v0), Fabric Events Lifecycle (v0), Fabric Game Rule API (v1), Fabric Item API (v1), Fabric Item Groups (v0), Fabric Key Binding API (v1), Fabric Key Bindings (v0), Fabric Lifecycle Events (v1), Fabric Loot API (v2), Fabric Loot Tables (v1), Fabric Message API (v1), Fabric Mining Level API (v1), Fabric Models (v0), Fabric Networking API (v1), Fabric Networking (v0), Fabric Object Builder API (v1), Fabric Particles (v1), Fabric Registry Sync (v0), Fabric Renderer API (v1), Fabric Renderer - Indigo, Fabric Renderer Registries (v1), Fabric Rendering Data Attachment (v1), Fabric Rendering Fluids (v1), Fabric Rendering (v0), Fabric Rendering (v1), Fabric Resource Conditions API (v1), Fabric Resource Loader (v0), Fabric Screen API (v1), Fabric Screen Handler API (v1), Fabric Textures (v0), Fabric Transfer API (v1), Fabric Transitive Access Wideners (v1), Fabric Loader, Mod Menu, Multiplayer Server Pause)
2023-05-26 21:22:28,739 - minecraft - INFO - [21:22:28] [Render thread/WARN]: Missing sound for event: minecraft:item.goat_horn.play
2023-05-26 21:22:28,739 - minecraft - INFO - [21:22:28] [Render thread/WARN]: Missing sound for event: minecraft:entity.goat.screaming.horn_break
2023-05-26 21:22:28,880 - minecraft - INFO - [21:22:28] [Render thread/INFO]: OpenAL initialized on device OpenAL Soft on Динамики (High Definition Audio Device)
2023-05-26 21:22:28,884 - minecraft - INFO - [21:22:28] [Render thread/INFO]: Sound engine started
2023-05-26 21:22:29,101 - minecraft - INFO - [21:22:29] [Render thread/INFO]: Created: 1024x1024x4 minecraft:textures/atlas/blocks.png-atlas
2023-05-26 21:22:29,108 - minecraft - INFO - [21:22:29] [Render thread/INFO]: Created: 256x128x4 minecraft:textures/atlas/signs.png-atlas
2023-05-26 21:22:29,110 - minecraft - INFO - [21:22:29] [Render thread/INFO]: Created: 1024x512x4 minecraft:textures/atlas/banner_patterns.png-atlas
2023-05-26 21:22:29,112 - minecraft - INFO - [21:22:29] [Render thread/INFO]: Created: 1024x512x4 minecraft:textures/atlas/shield_patterns.png-atlas
2023-05-26 21:22:29,113 - minecraft - INFO - [21:22:29] [Render thread/INFO]: Created: 256x256x4 minecraft:textures/atlas/chest.png-atlas
2023-05-26 21:22:29,114 - minecraft - INFO - [21:22:29] [Render thread/INFO]: Created: 512x256x4 minecraft:textures/atlas/beds.png-atlas
2023-05-26 21:22:29,115 - minecraft - INFO - [21:22:29] [Render thread/INFO]: Created: 512x256x4 minecraft:textures/atlas/shulker_boxes.png-atlas
2023-05-26 21:22:30,129 - minecraft - INFO - [21:22:30] [Render thread/WARN]: Shader rendertype_entity_translucent_emissive could not find sampler named Sampler2 in the specified shader program.
2023-05-26 21:22:30,563 - minecraft - INFO - [21:22:30] [Render thread/INFO]: Created: 512x256x0 minecraft:textures/atlas/particles.png-atlas
2023-05-26 21:22:30,565 - minecraft - INFO - [21:22:30] [Render thread/INFO]: Created: 256x256x0 minecraft:textures/atlas/paintings.png-atlas
2023-05-26 21:22:30,566 - minecraft - INFO - [21:22:30] [Render thread/INFO]: Created: 256x128x0 minecraft:textures/atlas/mob_effects.png-atlas
2023-05-26 21:22:38,226 - minecraft - INFO - [21:22:38] [Worker-Bootstrap-14/INFO]: 4256 Datafixer optimizations took 23425 milliseconds
2023-05-26 21:22:46,325 - minecraft - INFO - [21:22:46] [Render thread/INFO]: Stopping!
