2023-05-26 20:40:25,002 - minecraft - INFO - Starting subprocess with commands: ['java', '-XX:HeapDumpPath=MojangTricksIntelDriversForPerformance_javaw.exe_minecraft.exe.heapdump', '-Dos.name=Windows 10', '-Dos.version=10.0', '-Xss1M', '-Djava.library.path=C:\\Users\\daswe.DESKTOP-RETDOD3\\AppData\\Roaming\\.minecraft\\versions\\fabric-loader-0.14.18-1.19\\natives', '-Dminecraft.launcher.brand=minecraft-launcher-lib', '-Dminecraft.launcher.version=5.3', '-cp', 'C:\\Users\\daswe.DESKTOP-RETDOD3\\AppData\\Roaming\\.minecraft\\libraries\\net\\fabricmc\\tiny-mappings-parser\\0.3.0+build.17\\tiny-mappings-parser-0.3.0+build.17.jar;C:\\Users\\daswe.DESKTOP-RETDOD3\\AppData\\Roaming\\.minecraft\\libraries\\net\\fabricmc\\sponge-mixin\\0.12.4+mixin.0.8.5\\sponge-mixin-0.12.4+mixin.0.8.5.jar;C:\\Users\\daswe.DESKTOP-RETDOD3\\AppData\\Roaming\\.minecraft\\libraries\\net\\fabricmc\\tiny-remapper\\0.8.2\\tiny-remapper-0.8.2.jar;C:\\Users\\daswe.DESKTOP-RETDOD3\\AppData\\Roaming\\.minecraft\\libraries\\net\\fabricmc\\access-widener\\2.1.0\\access-widener-2.1.0.jar;C:\\Users\\daswe.DESKTOP-RETDOD3\\AppData\\Roaming\\.minecraft\\libraries\\org\\ow2\\asm\\asm\\9.4\\asm-9.4.jar;C:\\Users\\daswe.DESKTOP-RETDOD3\\AppData\\Roaming\\.minecraft\\libraries\\org\\ow2\\asm\\asm-analysis\\9.4\\asm-analysis-9.4.jar;C:\\Users\\daswe.DESKTOP-RETDOD3\\AppData\\Roaming\\.minecraft\\libraries\\org\\ow2\\asm\\asm-commons\\9.4\\asm-commons-9.4.jar;C:\\Users\\daswe.DESKTOP-RETDOD3\\AppData\\Roaming\\.minecraft\\libraries\\org\\ow2\\asm\\asm-tree\\9.4\\asm-tree-9.4.jar;C:\\Users\\daswe.DESKTOP-RETDOD3\\AppData\\Roaming\\.minecraft\\libraries\\org\\ow2\\asm\\asm-util\\9.4\\asm-util-9.4.jar;C:\\Users\\daswe.DESKTOP-RETDOD3\\AppData\\Roaming\\.minecraft\\libraries\\net\\fabricmc\\intermediary\\1.19\\intermediary-1.19.jar;C:\\Users\\daswe.DESKTOP-RETDOD3\\AppData\\Roaming\\.minecraft\\libraries\\net\\fabricmc\\fabric-loader\\0.14.18\\fabric-loader-0.14.18.jar;C:\\Users\\daswe.DESKTOP-RETDOD3\\AppData\\Roaming\\.minecraft\\libraries\\com\\mojang\\logging\\1.0.0\\logging-1.0.0.jar;C:\\Users\\daswe.DESKTOP-RETDOD3\\AppData\\Roaming\\.minecraft\\libraries\\com\\mojang\\blocklist\\1.0.10\\blocklist-1.0.10.jar;C:\\Users\\daswe.DESKTOP-RETDOD3\\AppData\\Roaming\\.minecraft\\libraries\\com\\mojang\\patchy\\2.2.10\\patchy-2.2.10.jar;C:\\Users\\daswe.DESKTOP-RETDOD3\\AppData\\Roaming\\.minecraft\\libraries\\com\\github\\oshi\\oshi-core\\5.8.5\\oshi-core-5.8.5.jar;C:\\Users\\daswe.DESKTOP-RETDOD3\\AppData\\Roaming\\.minecraft\\libraries\\net\\java\\dev\\jna\\jna\\5.10.0\\jna-5.10.0.jar;C:\\Users\\daswe.DESKTOP-RETDOD3\\AppData\\Roaming\\.minecraft\\libraries\\net\\java\\dev\\jna\\jna-platform\\5.10.0\\jna-platform-5.10.0.jar;C:\\Users\\daswe.DESKTOP-RETDOD3\\AppData\\Roaming\\.minecraft\\libraries\\org\\slf4j\\slf4j-api\\1.8.0-beta4\\slf4j-api-1.8.0-beta4.jar;C:\\Users\\daswe.DESKTOP-RETDOD3\\AppData\\Roaming\\.minecraft\\libraries\\org\\apache\\logging\\log4j\\log4j-slf4j18-impl\\2.17.0\\log4j-slf4j18-impl-2.17.0.jar;C:\\Users\\daswe.DESKTOP-RETDOD3\\AppData\\Roaming\\.minecraft\\libraries\\com\\ibm\\icu\\icu4j\\70.1\\icu4j-70.1.jar;C:\\Users\\daswe.DESKTOP-RETDOD3\\AppData\\Roaming\\.minecraft\\libraries\\com\\mojang\\javabridge\\1.2.24\\javabridge-1.2.24.jar;C:\\Users\\daswe.DESKTOP-RETDOD3\\AppData\\Roaming\\.minecraft\\libraries\\net\\sf\\jopt-simple\\jopt-simple\\5.0.4\\jopt-simple-5.0.4.jar;C:\\Users\\daswe.DESKTOP-RETDOD3\\AppData\\Roaming\\.minecraft\\libraries\\io\\netty\\netty-common\\4.1.77.Final\\netty-common-4.1.77.Final.jar;C:\\Users\\daswe.DESKTOP-RETDOD3\\AppData\\Roaming\\.minecraft\\libraries\\io\\netty\\netty-buffer\\4.1.77.Final\\netty-buffer-4.1.77.Final.jar;C:\\Users\\daswe.DESKTOP-RETDOD3\\AppData\\Roaming\\.minecraft\\libraries\\io\\netty\\netty-codec\\4.1.77.Final\\netty-codec-4.1.77.Final.jar;C:\\Users\\daswe.DESKTOP-RETDOD3\\AppData\\Roaming\\.minecraft\\libraries\\io\\netty\\netty-handler\\4.1.77.Final\\netty-handler-4.1.77.Final.jar;C:\\Users\\daswe.DESKTOP-RETDOD3\\AppData\\Roaming\\.minecraft\\libraries\\io\\netty\\netty-resolver\\4.1.77.Final\\netty-resolver-4.1.77.Final.jar;C:\\Users\\daswe.DESKTOP-RETDOD3\\AppData\\Roaming\\.minecraft\\libraries\\io\\netty\\netty-transport\\4.1.77.Final\\netty-transport-4.1.77.Final.jar;C:\\Users\\daswe.DESKTOP-RETDOD3\\AppData\\Roaming\\.minecraft\\libraries\\io\\netty\\netty-transport-native-unix-common\\4.1.77.Final\\netty-transport-native-unix-common-4.1.77.Final.jar;C:\\Users\\daswe.DESKTOP-RETDOD3\\AppData\\Roaming\\.minecraft\\libraries\\io\\netty\\netty-transport-classes-epoll\\4.1.77.Final\\netty-transport-classes-epoll-4.1.77.Final.jar;C:\\Users\\daswe.DESKTOP-RETDOD3\\AppData\\Roaming\\.minecraft\\libraries\\com\\google\\guava\\failureaccess\\1.0.1\\failureaccess-1.0.1.jar;C:\\Users\\daswe.DESKTOP-RETDOD3\\AppData\\Roaming\\.minecraft\\libraries\\com\\google\\guava\\guava\\31.0.1-jre\\guava-31.0.1-jre.jar;C:\\Users\\daswe.DESKTOP-RETDOD3\\AppData\\Roaming\\.minecraft\\libraries\\org\\apache\\commons\\commons-lang3\\3.12.0\\commons-lang3-3.12.0.jar;C:\\Users\\daswe.DESKTOP-RETDOD3\\AppData\\Roaming\\.minecraft\\libraries\\commons-io\\commons-io\\2.11.0\\commons-io-2.11.0.jar;C:\\Users\\daswe.DESKTOP-RETDOD3\\AppData\\Roaming\\.minecraft\\libraries\\commons-codec\\commons-codec\\1.15\\commons-codec-1.15.jar;C:\\Users\\daswe.DESKTOP-RETDOD3\\AppData\\Roaming\\.minecraft\\libraries\\com\\mojang\\brigadier\\1.0.18\\brigadier-1.0.18.jar;C:\\Users\\daswe.DESKTOP-RETDOD3\\AppData\\Roaming\\.minecraft\\libraries\\com\\mojang\\datafixerupper\\5.0.28\\datafixerupper-5.0.28.jar;C:\\Users\\daswe.DESKTOP-RETDOD3\\AppData\\Roaming\\.minecraft\\libraries\\com\\google\\code\\gson\\gson\\2.8.9\\gson-2.8.9.jar;C:\\Users\\daswe.DESKTOP-RETDOD3\\AppData\\Roaming\\.minecraft\\libraries\\com\\mojang\\authlib\\3.5.41\\authlib-3.5.41.jar;C:\\Users\\daswe.DESKTOP-RETDOD3\\AppData\\Roaming\\.minecraft\\libraries\\org\\apache\\commons\\commons-compress\\1.21\\commons-compress-1.21.jar;C:\\Users\\daswe.DESKTOP-RETDOD3\\AppData\\Roaming\\.minecraft\\libraries\\org\\apache\\httpcomponents\\httpclient\\4.5.13\\httpclient-4.5.13.jar;C:\\Users\\daswe.DESKTOP-RETDOD3\\AppData\\Roaming\\.minecraft\\libraries\\commons-logging\\commons-logging\\1.2\\commons-logging-1.2.jar;C:\\Users\\daswe.DESKTOP-RETDOD3\\AppData\\Roaming\\.minecraft\\libraries\\org\\apache\\httpcomponents\\httpcore\\4.4.14\\httpcore-4.4.14.jar;C:\\Users\\daswe.DESKTOP-RETDOD3\\AppData\\Roaming\\.minecraft\\libraries\\it\\unimi\\dsi\\fastutil\\8.5.6\\fastutil-8.5.6.jar;C:\\Users\\daswe.DESKTOP-RETDOD3\\AppData\\Roaming\\.minecraft\\libraries\\org\\apache\\logging\\log4j\\log4j-api\\2.17.0\\log4j-api-2.17.0.jar;C:\\Users\\daswe.DESKTOP-RETDOD3\\AppData\\Roaming\\.minecraft\\libraries\\org\\apache\\logging\\log4j\\log4j-core\\2.17.0\\log4j-core-2.17.0.jar;C:\\Users\\daswe.DESKTOP-RETDOD3\\AppData\\Roaming\\.minecraft\\libraries\\org\\lwjgl\\lwjgl\\3.3.1\\lwjgl-3.3.1.jar;C:\\Users\\daswe.DESKTOP-RETDOD3\\AppData\\Roaming\\.minecraft\\libraries\\org\\lwjgl\\lwjgl\\3.3.1\\lwjgl-3.3.1-natives-windows.jar;C:\\Users\\daswe.DESKTOP-RETDOD3\\AppData\\Roaming\\.minecraft\\libraries\\org\\lwjgl\\lwjgl\\3.3.1\\lwjgl-3.3.1-natives-windows-x86.jar;C:\\Users\\daswe.DESKTOP-RETDOD3\\AppData\\Roaming\\.minecraft\\libraries\\org\\lwjgl\\lwjgl-jemalloc\\3.3.1\\lwjgl-jemalloc-3.3.1.jar;C:\\Users\\daswe.DESKTOP-RETDOD3\\AppData\\Roaming\\.minecraft\\libraries\\org\\lwjgl\\lwjgl-jemalloc\\3.3.1\\lwjgl-jemalloc-3.3.1-natives-windows.jar;C:\\Users\\daswe.DESKTOP-RETDOD3\\AppData\\Roaming\\.minecraft\\libraries\\org\\lwjgl\\lwjgl-jemalloc\\3.3.1\\lwjgl-jemalloc-3.3.1-natives-windows-x86.jar;C:\\Users\\daswe.DESKTOP-RETDOD3\\AppData\\Roaming\\.minecraft\\libraries\\org\\lwjgl\\lwjgl-openal\\3.3.1\\lwjgl-openal-3.3.1.jar;C:\\Users\\daswe.DESKTOP-RETDOD3\\AppData\\Roaming\\.minecraft\\libraries\\org\\lwjgl\\lwjgl-openal\\3.3.1\\lwjgl-openal-3.3.1-natives-windows.jar;C:\\Users\\daswe.DESKTOP-RETDOD3\\AppData\\Roaming\\.minecraft\\libraries\\org\\lwjgl\\lwjgl-openal\\3.3.1\\lwjgl-openal-3.3.1-natives-windows-x86.jar;C:\\Users\\daswe.DESKTOP-RETDOD3\\AppData\\Roaming\\.minecraft\\libraries\\org\\lwjgl\\lwjgl-opengl\\3.3.1\\lwjgl-opengl-3.3.1.jar;C:\\Users\\daswe.DESKTOP-RETDOD3\\AppData\\Roaming\\.minecraft\\libraries\\org\\lwjgl\\lwjgl-opengl\\3.3.1\\lwjgl-opengl-3.3.1-natives-windows.jar;C:\\Users\\daswe.DESKTOP-RETDOD3\\AppData\\Roaming\\.minecraft\\libraries\\org\\lwjgl\\lwjgl-opengl\\3.3.1\\lwjgl-opengl-3.3.1-natives-windows-x86.jar;C:\\Users\\daswe.DESKTOP-RETDOD3\\AppData\\Roaming\\.minecraft\\libraries\\org\\lwjgl\\lwjgl-glfw\\3.3.1\\lwjgl-glfw-3.3.1.jar;C:\\Users\\daswe.DESKTOP-RETDOD3\\AppData\\Roaming\\.minecraft\\libraries\\org\\lwjgl\\lwjgl-glfw\\3.3.1\\lwjgl-glfw-3.3.1-natives-windows.jar;C:\\Users\\daswe.DESKTOP-RETDOD3\\AppData\\Roaming\\.minecraft\\libraries\\org\\lwjgl\\lwjgl-glfw\\3.3.1\\lwjgl-glfw-3.3.1-natives-windows-x86.jar;C:\\Users\\daswe.DESKTOP-RETDOD3\\AppData\\Roaming\\.minecraft\\libraries\\org\\lwjgl\\lwjgl-stb\\3.3.1\\lwjgl-stb-3.3.1.jar;C:\\Users\\daswe.DESKTOP-RETDOD3\\AppData\\Roaming\\.minecraft\\libraries\\org\\lwjgl\\lwjgl-stb\\3.3.1\\lwjgl-stb-3.3.1-natives-windows.jar;C:\\Users\\daswe.DESKTOP-RETDOD3\\AppData\\Roaming\\.minecraft\\libraries\\org\\lwjgl\\lwjgl-stb\\3.3.1\\lwjgl-stb-3.3.1-natives-windows-x86.jar;C:\\Users\\daswe.DESKTOP-RETDOD3\\AppData\\Roaming\\.minecraft\\libraries\\org\\lwjgl\\lwjgl-tinyfd\\3.3.1\\lwjgl-tinyfd-3.3.1.jar;C:\\Users\\daswe.DESKTOP-RETDOD3\\AppData\\Roaming\\.minecraft\\libraries\\org\\lwjgl\\lwjgl-tinyfd\\3.3.1\\lwjgl-tinyfd-3.3.1-natives-windows.jar;C:\\Users\\daswe.DESKTOP-RETDOD3\\AppData\\Roaming\\.minecraft\\libraries\\org\\lwjgl\\lwjgl-tinyfd\\3.3.1\\lwjgl-tinyfd-3.3.1-natives-windows-x86.jar;C:\\Users\\daswe.DESKTOP-RETDOD3\\AppData\\Roaming\\.minecraft\\libraries\\com\\mojang\\text2speech\\1.16.7\\text2speech-1.16.7.jar;C:\\Users\\daswe.DESKTOP-RETDOD3\\AppData\\Roaming\\.minecraft\\libraries\\org\\lwjgl\\lwjgl-glfw\\3.3.1\\lwjgl-glfw-3.3.1-natives-windows-arm64.jar;C:\\Users\\daswe.DESKTOP-RETDOD3\\AppData\\Roaming\\.minecraft\\libraries\\org\\lwjgl\\lwjgl-jemalloc\\3.3.1\\lwjgl-jemalloc-3.3.1-natives-windows-arm64.jar;C:\\Users\\daswe.DESKTOP-RETDOD3\\AppData\\Roaming\\.minecraft\\libraries\\org\\lwjgl\\lwjgl-openal\\3.3.1\\lwjgl-openal-3.3.1-natives-windows-arm64.jar;C:\\Users\\daswe.DESKTOP-RETDOD3\\AppData\\Roaming\\.minecraft\\libraries\\org\\lwjgl\\lwjgl-opengl\\3.3.1\\lwjgl-opengl-3.3.1-natives-windows-arm64.jar;C:\\Users\\daswe.DESKTOP-RETDOD3\\AppData\\Roaming\\.minecraft\\libraries\\org\\lwjgl\\lwjgl-stb\\3.3.1\\lwjgl-stb-3.3.1-natives-windows-arm64.jar;C:\\Users\\daswe.DESKTOP-RETDOD3\\AppData\\Roaming\\.minecraft\\libraries\\org\\lwjgl\\lwjgl-tinyfd\\3.3.1\\lwjgl-tinyfd-3.3.1-natives-windows-arm64.jar;C:\\Users\\daswe.DESKTOP-RETDOD3\\AppData\\Roaming\\.minecraft\\libraries\\org\\lwjgl\\lwjgl\\3.3.1\\lwjgl-3.3.1-natives-windows-arm64.jar;C:\\Users\\daswe.DESKTOP-RETDOD3\\AppData\\Roaming\\.minecraft\\versions\\fabric-loader-0.14.18-1.19\\fabric-loader-0.14.18-1.19.jar', '-DFabricMcEmu= net.minecraft.client.main.Main ', 'net.fabricmc.loader.impl.launch.knot.KnotClient', '--username', 'daswer123', '--version', 'fabric-loader-0.14.18-1.19', '--gameDir', 'C:\\Users\\daswe.DESKTOP-RETDOD3\\AppData\\Roaming\\.minecraft', '--assetsDir', 'C:\\Users\\daswe.DESKTOP-RETDOD3\\AppData\\Roaming\\.minecraft\\assets', '--assetIndex', '1.19', '--uuid', 'edbe547f59d84602a9ed1e4ca39f07c5', '--accessToken', 'eyJraWQiOiJhYzg0YSIsImFsZyI6IkhTMjU2In0.eyJ4dWlkIjoiMjUzNTQ3MjcxMzE0OTc4NSIsImFnZyI6IkFkdWx0Iiwic3ViIjoiZGY3NWM1MjUtZGZjZC00YTA5LWExYWMtYTE1NzUwMmUxNDMxIiwiYXV0aCI6IlhCT1giLCJucyI6ImRlZmF1bHQiLCJyb2xlcyI6W10sImlzcyI6ImF1dGhlbnRpY2F0aW9uIiwiZmxhZ3MiOlsidHdvZmFjdG9yYXV0aCIsIm9yZGVyc18yMDIyIl0sInBsYXRmb3JtIjoiVU5LTk9XTiIsInl1aWQiOiI3ZGU4MDg0NWIwMWIzMmM3MThlZWRmNjVjZmNlZjhlYiIsIm5iZiI6MTY4NTExNDg0MSwiZXhwIjoxNjg1MjAxMjQxLCJpYXQiOjE2ODUxMTQ4NDF9.qPJp7v9vCtlvCIUH9iIUDNQDzvzHD3W6NhXpsmyV2-U', '--clientId', '${clientid}', '--xuid', '${auth_xuid}', '--userType', 'mojang', '--versionType', 'release']
2023-05-26 20:40:25,797 - minecraft - INFO - [20:40:25] [main/INFO]: Loading Minecraft 1.19 with Fabric Loader 0.14.18
2023-05-26 20:40:25,895 - minecraft - INFO - [20:40:25] [main/INFO]: Loading 58 mods:
2023-05-26 20:40:25,895 - minecraft - INFO - - better_respawn 1.19-2.0.0
2023-05-26 20:40:25,895 - minecraft - INFO - - completeconfig 2.0.0
2023-05-26 20:40:25,895 - minecraft - INFO - |-- coat 1.0.0-beta.17+mc22w17a
2023-05-26 20:40:25,895 - minecraft - INFO - |-- completeconfig-base 2.0.0
2023-05-26 20:40:25,896 - minecraft - INFO - |-- completeconfig-gui-cloth 2.0.0
2023-05-26 20:40:25,896 - minecraft - INFO - \-- completeconfig-gui-coat 2.0.0
2023-05-26 20:40:25,896 - minecraft - INFO - - fabric 0.58.0+1.19
2023-05-26 20:40:25,896 - minecraft - INFO - |-- fabric-api-base 0.4.9+e62f51a3a9
2023-05-26 20:40:25,896 - minecraft - INFO - |-- fabric-api-lookup-api-v1 1.6.7+9ff28f40a9
2023-05-26 20:40:25,896 - minecraft - INFO - |-- fabric-biome-api-v1 9.0.14+b2a4a624a9
2023-05-26 20:40:25,896 - minecraft - INFO - |-- fabric-blockrenderlayer-v1 1.1.18+9ff28f40a9
2023-05-26 20:40:25,896 - minecraft - INFO - |-- fabric-command-api-v1 1.2.6+f71b366fa9
2023-05-26 20:40:25,896 - minecraft - INFO - |-- fabric-command-api-v2 2.1.2+0d55f585a9
2023-05-26 20:40:25,896 - minecraft - INFO - |-- fabric-commands-v0 0.2.23+df3654b3a9
2023-05-26 20:40:25,896 - minecraft - INFO - |-- fabric-containers-v0 0.1.28+df3654b3a9
2023-05-26 20:40:25,896 - minecraft - INFO - |-- fabric-content-registries-v0 3.2.1+07df213ea9
2023-05-26 20:40:25,896 - minecraft - INFO - |-- fabric-convention-tags-v1 1.0.8+37622d24a9
2023-05-26 20:40:25,896 - minecraft - INFO - |-- fabric-crash-report-info-v1 0.2.3+bd0a0d4aa9
2023-05-26 20:40:25,896 - minecraft - INFO - |-- fabric-data-generation-api-v1 5.1.2+a680b9b4a9
2023-05-26 20:40:25,896 - minecraft - INFO - |-- fabric-dimensions-v1 2.1.28+a6d2f785a9
2023-05-26 20:40:25,896 - minecraft - INFO - |-- fabric-entity-events-v1 1.4.16+9ff28f40a9
2023-05-26 20:40:25,896 - minecraft - INFO - |-- fabric-events-interaction-v0 0.4.26+9ff28f40a9
2023-05-26 20:40:25,896 - minecraft - INFO - |-- fabric-events-lifecycle-v0 0.2.26+df3654b3a9
2023-05-26 20:40:25,896 - minecraft - INFO - |-- fabric-game-rule-api-v1 1.0.19+18990361a9
2023-05-26 20:40:25,896 - minecraft - INFO - |-- fabric-item-api-v1 1.5.5+35a03c43a9
2023-05-26 20:40:25,896 - minecraft - INFO - |-- fabric-item-groups-v0 0.3.26+9ff28f40a9
2023-05-26 20:40:25,896 - minecraft - INFO - |-- fabric-key-binding-api-v1 1.0.18+9ff28f40a9
2023-05-26 20:40:25,896 - minecraft - INFO - |-- fabric-keybindings-v0 0.2.16+df3654b3a9
2023-05-26 20:40:25,896 - minecraft - INFO - |-- fabric-lifecycle-events-v1 2.1.0+33fbc738a9
2023-05-26 20:40:25,896 - minecraft - INFO - |-- fabric-loot-api-v2 1.1.1+03a4e568a9
2023-05-26 20:40:25,896 - minecraft - INFO - |-- fabric-loot-tables-v1 1.1.4+9e7660c6a9
2023-05-26 20:40:25,896 - minecraft - INFO - |-- fabric-message-api-v1 1.0.1+513f4a59a9
2023-05-26 20:40:25,896 - minecraft - INFO - |-- fabric-mining-level-api-v1 2.1.11+33fbc738a9
2023-05-26 20:40:25,896 - minecraft - INFO - |-- fabric-models-v0 0.3.15+9ff28f40a9
2023-05-26 20:40:25,896 - minecraft - INFO - |-- fabric-networking-api-v1 1.1.0+442de8b8a9
2023-05-26 20:40:25,896 - minecraft - INFO - |-- fabric-networking-v0 0.3.15+df3654b3a9
2023-05-26 20:40:25,896 - minecraft - INFO - |-- fabric-object-builder-api-v1 4.0.8+9ff28f40a9
2023-05-26 20:40:25,896 - minecraft - INFO - |-- fabric-particles-v1 1.0.8+dc39553aa9
2023-05-26 20:40:25,896 - minecraft - INFO - |-- fabric-registry-sync-v0 0.9.18+23c4cfefa9
2023-05-26 20:40:25,896 - minecraft - INFO - |-- fabric-renderer-api-v1 1.0.8+9ff28f40a9
2023-05-26 20:40:25,896 - minecraft - INFO - |-- fabric-renderer-indigo 0.6.10+5187d39fa9
2023-05-26 20:40:25,896 - minecraft - INFO - |-- fabric-renderer-registries-v1 3.2.18+df3654b3a9
2023-05-26 20:40:25,896 - minecraft - INFO - |-- fabric-rendering-data-attachment-v1 0.3.12+9ff28f40a9
2023-05-26 20:40:25,896 - minecraft - INFO - |-- fabric-rendering-fluids-v1 3.0.5+9ff28f40a9
2023-05-26 20:40:25,896 - minecraft - INFO - |-- fabric-rendering-v0 1.1.20+df3654b3a9
2023-05-26 20:40:25,896 - minecraft - INFO - |-- fabric-rendering-v1 1.10.14+9ff28f40a9
2023-05-26 20:40:25,896 - minecraft - INFO - |-- fabric-resource-conditions-api-v1 2.0.9+e62f51a3a9
2023-05-26 20:40:25,896 - minecraft - INFO - |-- fabric-resource-loader-v0 0.5.6+5f1a85e0a9
2023-05-26 20:40:25,897 - minecraft - INFO - |-- fabric-screen-api-v1 1.0.24+f05effafa9
2023-05-26 20:40:25,897 - minecraft - INFO - |-- fabric-screen-handler-api-v1 1.2.7+9ff28f40a9
2023-05-26 20:40:25,897 - minecraft - INFO - |-- fabric-textures-v0 1.0.18+9ff28f40a9
2023-05-26 20:40:25,897 - minecraft - INFO - |-- fabric-transfer-api-v1 2.0.9+e62f51a3a9
2023-05-26 20:40:25,897 - minecraft - INFO - \-- fabric-transitive-access-wideners-v1 1.1.1+9e7660c6a9
2023-05-26 20:40:25,897 - minecraft - INFO - - fabricloader 0.14.18
2023-05-26 20:40:25,897 - minecraft - INFO - - java 17
2023-05-26 20:40:25,897 - minecraft - INFO - - minecraft 1.19
2023-05-26 20:40:25,897 - minecraft - INFO - - modmenu 4.0.4
2023-05-26 20:40:25,897 - minecraft - INFO - - serverpause 1.1.0
2023-05-26 20:40:25,978 - minecraft - INFO - [20:40:25] [main/INFO]: SpongePowered MIXIN Subsystem Version=0.8.5 Source=file:/C:/Users/daswe.DESKTOP-RETDOD3/AppData/Roaming/.minecraft/libraries/net/fabricmc/sponge-mixin/0.12.4+mixin.0.8.5/sponge-mixin-0.12.4+mixin.0.8.5.jar Service=Knot/Fabric Env=CLIENT
2023-05-26 20:40:26,046 - minecraft - INFO - [20:40:26] [main/INFO]: Compatibility level set to JAVA_17
2023-05-26 20:40:29,342 - minecraft - INFO - [20:40:29] [main/INFO]: Building optimized datafixer
2023-05-26 20:40:32,751 - minecraft - INFO - [20:40:32] [Render thread/INFO]: Environment: authHost='https://authserver.mojang.com', accountsHost='https://api.mojang.com', sessionHost='https://sessionserver.mojang.com', servicesHost='https://api.minecraftservices.com', name='PROD'
2023-05-26 20:40:33,657 - minecraft - INFO - [20:40:33] [Render thread/INFO]: Setting user: daswer123
2023-05-26 20:40:34,710 - minecraft - INFO - [20:40:34] [Render thread/INFO]: [Indigo] Registering Indigo renderer!
2023-05-26 20:40:35,163 - minecraft - INFO - [20:40:35] [Render thread/INFO]: Backend library: LWJGL version 3.3.1 SNAPSHOT
2023-05-26 20:40:38,493 - minecraft - INFO - [20:40:38] [Render thread/INFO]: Reloading ResourceManager: Default, Fabric Mods (Coat, completeconfig-base, completeconfig-gui-coat, Fabric API, Fabric API Base, Fabric API Lookup API (v1), Fabric Biome API (v1), Fabric BlockRenderLayer Registration (v1), Fabric Command API (v1), Fabric Command API (v2), Fabric Commands (v0), Fabric Containers (v0), Fabric Content Registries (v0), Fabric Convention Tags, Fabric Crash Report Info (v1), Fabric Data Generation API (v1), Fabric Dimensions API (v1), Fabric Entity Events (v1), Fabric Events Interaction (v0), Fabric Events Lifecycle (v0), Fabric Game Rule API (v1), Fabric Item API (v1), Fabric Item Groups (v0), Fabric Key Binding API (v1), Fabric Key Bindings (v0), Fabric Lifecycle Events (v1), Fabric Loot API (v2), Fabric Loot Tables (v1), Fabric Message API (v1), Fabric Mining Level API (v1), Fabric Models (v0), Fabric Networking API (v1), Fabric Networking (v0), Fabric Object Builder API (v1), Fabric Particles (v1), Fabric Registry Sync (v0), Fabric Renderer API (v1), Fabric Renderer - Indigo, Fabric Renderer Registries (v1), Fabric Rendering Data Attachment (v1), Fabric Rendering Fluids (v1), Fabric Rendering (v0), Fabric Rendering (v1), Fabric Resource Conditions API (v1), Fabric Resource Loader (v0), Fabric Screen API (v1), Fabric Screen Handler API (v1), Fabric Textures (v0), Fabric Transfer API (v1), Fabric Transitive Access Wideners (v1), Fabric Loader, Mod Menu, Multiplayer Server Pause)
2023-05-26 20:40:40,785 - minecraft - INFO - [20:40:40] [Render thread/WARN]: Missing sound for event: minecraft:item.goat_horn.play
2023-05-26 20:40:40,785 - minecraft - INFO - [20:40:40] [Render thread/WARN]: Missing sound for event: minecraft:entity.goat.screaming.horn_break
2023-05-26 20:40:40,849 - minecraft - INFO - [20:40:40] [Render thread/INFO]: OpenAL initialized on device OpenAL Soft on Динамики (High Definition Audio Device)
2023-05-26 20:40:40,851 - minecraft - INFO - [20:40:40] [Render thread/INFO]: Sound engine started
2023-05-26 20:40:41,064 - minecraft - INFO - [20:40:41] [Render thread/INFO]: Created: 1024x1024x4 minecraft:textures/atlas/blocks.png-atlas
2023-05-26 20:40:41,072 - minecraft - INFO - [20:40:41] [Render thread/INFO]: Created: 256x128x4 minecraft:textures/atlas/signs.png-atlas
2023-05-26 20:40:41,086 - minecraft - INFO - [20:40:41] [Render thread/INFO]: Created: 1024x512x4 minecraft:textures/atlas/banner_patterns.png-atlas
2023-05-26 20:40:41,086 - minecraft - INFO - [20:40:41] [Render thread/INFO]: Created: 1024x512x4 minecraft:textures/atlas/shield_patterns.png-atlas
2023-05-26 20:40:41,087 - minecraft - INFO - [20:40:41] [Render thread/INFO]: Created: 256x256x4 minecraft:textures/atlas/chest.png-atlas
2023-05-26 20:40:41,087 - minecraft - INFO - [20:40:41] [Render thread/INFO]: Created: 512x256x4 minecraft:textures/atlas/beds.png-atlas
2023-05-26 20:40:41,087 - minecraft - INFO - [20:40:41] [Render thread/INFO]: Created: 512x256x4 minecraft:textures/atlas/shulker_boxes.png-atlas
2023-05-26 20:40:42,317 - minecraft - INFO - [20:40:42] [Render thread/WARN]: Shader rendertype_entity_translucent_emissive could not find sampler named Sampler2 in the specified shader program.
2023-05-26 20:40:42,558 - minecraft - INFO - [20:40:42] [Render thread/INFO]: Created: 512x256x0 minecraft:textures/atlas/particles.png-atlas
2023-05-26 20:40:42,560 - minecraft - INFO - [20:40:42] [Render thread/INFO]: Created: 256x256x0 minecraft:textures/atlas/paintings.png-atlas
2023-05-26 20:40:42,561 - minecraft - INFO - [20:40:42] [Render thread/INFO]: Created: 256x128x0 minecraft:textures/atlas/mob_effects.png-atlas
2023-05-26 20:40:50,688 - minecraft - INFO - [20:40:50] [Worker-Bootstrap-8/INFO]: 4256 Datafixer optimizations took 21336 milliseconds
2023-05-26 20:42:53,266 - minecraft - INFO - [20:42:53] [Render thread/INFO]: Deleting level Новый мир
2023-05-26 20:42:53,266 - minecraft - INFO - [20:42:53] [Render thread/INFO]: Attempt 1...
2023-05-26 20:42:54,345 - minecraft - INFO - [20:42:54] [Render thread/INFO]: Loaded 7 recipes
2023-05-26 20:42:54,536 - minecraft - INFO - [20:42:54] [Render thread/INFO]: Loaded 1179 advancements
2023-05-26 20:42:56,113 - minecraft - INFO - [20:42:56] [Render thread/INFO]: Loaded 7 recipes
2023-05-26 20:42:56,148 - minecraft - INFO - [20:42:56] [Render thread/INFO]: Loaded 1179 advancements
2023-05-26 20:43:09,872 - minecraft - INFO - [20:43:09] [Render thread/INFO]: Loaded 7 recipes
2023-05-26 20:43:09,904 - minecraft - INFO - [20:43:09] [Render thread/INFO]: Loaded 1179 advancements
2023-05-26 20:43:10,163 - minecraft - INFO - [20:43:10] [Render thread/INFO]: Applied 0 biome modifications to 0 of 63 new biomes in 3.489 ms
2023-05-26 20:43:10,168 - minecraft - INFO - [20:43:10] [Server thread/INFO]: Starting integrated minecraft server version 1.19
2023-05-26 20:43:10,168 - minecraft - INFO - [20:43:10] [Server thread/INFO]: Generating keypair
2023-05-26 20:43:19,370 - minecraft - INFO - [20:43:19] [Server thread/INFO]: Preparing start region for dimension minecraft:overworld
2023-05-26 20:43:19,790 - minecraft - INFO - [20:43:19] [Render thread/INFO]: Подготовка области возрождения: 0%
2023-05-26 20:43:19,907 - minecraft - INFO - [20:43:19] [Render thread/INFO]: Подготовка области возрождения: 0%
2023-05-26 20:43:20,395 - minecraft - INFO - [20:43:20] [Render thread/INFO]: Подготовка области возрождения: 0%
2023-05-26 20:43:20,896 - minecraft - INFO - [20:43:20] [Render thread/INFO]: Подготовка области возрождения: 2%
2023-05-26 20:43:21,408 - minecraft - INFO - [20:43:21] [Render thread/INFO]: Подготовка области возрождения: 4%
2023-05-26 20:43:21,890 - minecraft - INFO - [20:43:21] [Render thread/INFO]: Подготовка области возрождения: 6%
2023-05-26 20:43:22,389 - minecraft - INFO - [20:43:22] [Render thread/INFO]: Подготовка области возрождения: 11%
2023-05-26 20:43:22,907 - minecraft - INFO - [20:43:22] [Render thread/INFO]: Подготовка области возрождения: 16%
2023-05-26 20:43:23,401 - minecraft - INFO - [20:43:23] [Render thread/INFO]: Подготовка области возрождения: 18%
2023-05-26 20:43:23,904 - minecraft - INFO - [20:43:23] [Render thread/INFO]: Подготовка области возрождения: 24%
2023-05-26 20:43:24,399 - minecraft - INFO - [20:43:24] [Render thread/INFO]: Подготовка области возрождения: 29%
2023-05-26 20:43:24,897 - minecraft - INFO - [20:43:24] [Render thread/INFO]: Подготовка области возрождения: 34%
2023-05-26 20:43:25,403 - minecraft - INFO - [20:43:25] [Render thread/INFO]: Подготовка области возрождения: 40%
2023-05-26 20:43:25,892 - minecraft - INFO - [20:43:25] [Render thread/INFO]: Подготовка области возрождения: 43%
2023-05-26 20:43:26,394 - minecraft - INFO - [20:43:26] [Render thread/INFO]: Подготовка области возрождения: 49%
2023-05-26 20:43:26,895 - minecraft - INFO - [20:43:26] [Render thread/INFO]: Подготовка области возрождения: 55%
2023-05-26 20:43:27,401 - minecraft - INFO - [20:43:27] [Render thread/INFO]: Подготовка области возрождения: 59%
2023-05-26 20:43:27,895 - minecraft - INFO - [20:43:27] [Render thread/INFO]: Подготовка области возрождения: 66%
2023-05-26 20:43:28,397 - minecraft - INFO - [20:43:28] [Render thread/INFO]: Подготовка области возрождения: 70%
2023-05-26 20:43:28,889 - minecraft - INFO - [20:43:28] [Render thread/INFO]: Подготовка области возрождения: 75%
2023-05-26 20:43:29,391 - minecraft - INFO - [20:43:29] [Render thread/INFO]: Подготовка области возрождения: 81%
2023-05-26 20:43:29,908 - minecraft - INFO - [20:43:29] [Render thread/INFO]: Подготовка области возрождения: 86%
2023-05-26 20:43:30,402 - minecraft - INFO - [20:43:30] [Render thread/INFO]: Подготовка области возрождения: 92%
2023-05-26 20:43:30,895 - minecraft - INFO - [20:43:30] [Render thread/INFO]: Подготовка области возрождения: 99%
2023-05-26 20:43:30,913 - minecraft - INFO - [20:43:30] [Render thread/INFO]: Time elapsed: 11525 ms
2023-05-26 20:43:30,958 - minecraft - INFO - [20:43:30] [Server thread/INFO]: Changing view distance to 12, from 10
2023-05-26 20:43:30,959 - minecraft - INFO - [20:43:30] [Server thread/INFO]: Changing simulation distance to 12, from 0
2023-05-26 20:43:31,478 - minecraft - INFO - [20:43:31] [Server thread/INFO]: daswer123[local:E:638b8ac6] logged in with entity id 219 at (-30.5, 77.0, 66.5)
2023-05-26 20:43:31,527 - minecraft - INFO - [20:43:31] [Server thread/INFO]: daswer123 присоединился к игре
2023-05-26 20:43:32,194 - minecraft - INFO - [20:43:32] [Render thread/INFO]: Loaded 0 advancements
2023-05-26 20:44:23,259 - minecraft - INFO - [20:44:23] [Server thread/INFO]: Saving and pausing game...
2023-05-26 20:44:23,298 - minecraft - INFO - [20:44:23] [Server thread/INFO]: Saving chunks for level 'ServerLevel[new]'/minecraft:overworld
2023-05-26 20:44:23,309 - minecraft - INFO - [20:44:23] [Server thread/INFO]: Saving chunks for level 'ServerLevel[new]'/minecraft:the_nether
2023-05-26 20:44:23,310 - minecraft - INFO - [20:44:23] [Server thread/INFO]: Saving chunks for level 'ServerLevel[new]'/minecraft:the_end
2023-05-26 20:44:26,663 - minecraft - INFO - [20:44:26] [Render thread/INFO]: Using default channel type
2023-05-26 20:44:26,675 - minecraft - INFO - [20:44:26] [Render thread/INFO]: Started serving on 3346
2023-05-26 20:44:26,675 - minecraft - INFO - Subprocess is ready.
2023-05-26 20:44:26,684 - minecraft - INFO - [20:44:26] [Render thread/INFO]: [CHAT] Порт локального сервера: 3346
2023-05-26 20:44:27,604 - minecraft - INFO - [20:44:27] [User Authenticator #1/WARN]: Failed to verify username but will let them in anyway!
2023-05-26 20:44:27,669 - minecraft - INFO - [20:44:27] [Server thread/INFO]: bot[/[0:0:0:0:0:0:0:1]:3349] logged in with entity id 2315 at (-38.5, 72.0, 62.5)
2023-05-26 20:44:27,673 - minecraft - INFO - [20:44:27] [Server thread/INFO]: bot присоединился к игре
2023-05-26 20:44:27,690 - minecraft - INFO - [20:44:27] [Render thread/INFO]: [CHAT] bot присоединился к игре
2023-05-26 20:44:28,298 - minecraft - INFO - [20:44:28] [Server thread/INFO]: Searching for respawn location - Attempt 1/16
2023-05-26 20:44:28,298 - minecraft - INFO - [20:44:28] [Server thread/INFO]: Found valid respawn location: [-32, 81, 48]
2023-05-26 20:44:28,298 - minecraft - INFO - [20:44:28] [Server thread/INFO]: Set temporary respawn location to [-32, 81, 48]
2023-05-26 20:44:28,298 - minecraft - INFO - [20:44:28] [Server thread/INFO]: bot выпал из мира
2023-05-26 20:44:28,300 - minecraft - INFO - [20:44:28] [Server thread/INFO]: [bot: bot убит]
2023-05-26 20:44:28,302 - minecraft - INFO - [20:44:28] [Render thread/INFO]: [CHAT] bot выпал из мира
2023-05-26 20:44:28,302 - minecraft - INFO - [20:44:28] [Render thread/INFO]: [CHAT] [bot: bot убит]
2023-05-26 20:44:28,406 - minecraft - INFO - [20:44:28] [Server thread/INFO]: Updating the respawn location of player bot to [NONE]
2023-05-26 20:44:29,244 - minecraft - INFO - [20:44:29] [Server thread/INFO]: [bot: Установлено значение игрового правила keepInventory: true]
2023-05-26 20:44:29,244 - minecraft - INFO - [20:44:29] [Server thread/INFO]: [bot: Установлено значение игрового правила doDaylightCycle: false]
2023-05-26 20:44:29,245 - minecraft - INFO - [20:44:29] [Render thread/INFO]: [CHAT] [bot: Установлено значение игрового правила keepInventory: true]
2023-05-26 20:44:29,245 - minecraft - INFO - [20:44:29] [Render thread/INFO]: [CHAT] [bot: Установлено значение игрового правила doDaylightCycle: false]
2023-05-26 20:44:29,246 - minecraft - INFO - [20:44:29] [Server thread/INFO]: [bot: Pausing server...]
2023-05-26 20:44:29,248 - minecraft - INFO - [20:44:29] [Server thread/INFO]: Server paused.
2023-05-26 20:44:29,253 - minecraft - INFO - [20:44:29] [Render thread/INFO]: [CHAT] [bot: Pausing server...]
2023-05-26 20:44:29,254 - minecraft - INFO - [20:44:29] [Render thread/INFO]: [CHAT] Server paused.
2023-05-26 20:44:29,259 - minecraft - INFO - [20:44:29] [Server thread/INFO]: Saving and pausing game...
2023-05-26 20:44:29,265 - minecraft - INFO - [20:44:29] [Server thread/INFO]: Saving chunks for level 'ServerLevel[new]'/minecraft:overworld
2023-05-26 20:44:29,268 - minecraft - INFO - [20:44:29] [Server thread/INFO]: Saving chunks for level 'ServerLevel[new]'/minecraft:the_nether
2023-05-26 20:44:29,268 - minecraft - INFO - [20:44:29] [Server thread/INFO]: Saving chunks for level 'ServerLevel[new]'/minecraft:the_end
2023-05-26 20:44:30,230 - minecraft - INFO - [20:44:30] [Server thread/INFO]: [bot: Unpausing server...]
2023-05-26 20:44:30,230 - minecraft - INFO - [20:44:30] [Server thread/INFO]: Server unpaused.
2023-05-26 20:44:30,237 - minecraft - INFO - [20:44:30] [Render thread/INFO]: [CHAT] [bot: Unpausing server...]
2023-05-26 20:44:30,237 - minecraft - INFO - [20:44:30] [Render thread/INFO]: [CHAT] Server unpaused.
2023-05-26 20:44:32,204 - minecraft - INFO - [20:44:32] [Server thread/INFO]: [daswer123: bot телепортирован к daswer123]
2023-05-26 20:44:32,206 - minecraft - INFO - [20:44:32] [Server thread/WARN]: bot moved too quickly! -7.419269658835631,30.0,236.01981944553592
2023-05-26 20:44:32,207 - minecraft - INFO - [20:44:32] [Server thread/INFO]: [bot: Установлено значение игрового правила doTileDrops: false]
2023-05-26 20:44:32,211 - minecraft - INFO - [20:44:32] [Render thread/INFO]: [CHAT] bot телепортирован к daswer123
2023-05-26 20:44:32,212 - minecraft - INFO - [20:44:32] [Render thread/INFO]: [CHAT] [bot: Установлено значение игрового правила doTileDrops: false]
2023-05-26 20:44:32,866 - minecraft - INFO - [20:44:32] [Server thread/INFO]: [bot: Установлено значение игрового правила doTileDrops: true]
2023-05-26 20:44:32,868 - minecraft - INFO - [20:44:32] [Render thread/INFO]: [CHAT] [bot: Установлено значение игрового правила doTileDrops: true]
2023-05-26 20:44:33,222 - minecraft - INFO - [20:44:33] [Server thread/INFO]: [bot: Pausing server...]
2023-05-26 20:44:33,222 - minecraft - INFO - [20:44:33] [Server thread/INFO]: Server paused.
2023-05-26 20:44:33,226 - minecraft - INFO - [20:44:33] [Render thread/INFO]: [CHAT] [bot: Pausing server...]
2023-05-26 20:44:33,226 - minecraft - INFO - [20:44:33] [Render thread/INFO]: [CHAT] Server paused.
2023-05-26 20:44:33,260 - minecraft - INFO - [20:44:33] [Server thread/INFO]: Saving and pausing game...
2023-05-26 20:44:33,265 - minecraft - INFO - [20:44:33] [Server thread/INFO]: Saving chunks for level 'ServerLevel[new]'/minecraft:overworld
2023-05-26 20:44:33,268 - minecraft - INFO - [20:44:33] [Server thread/INFO]: Saving chunks for level 'ServerLevel[new]'/minecraft:the_nether
2023-05-26 20:44:33,269 - minecraft - INFO - [20:44:33] [Server thread/INFO]: Saving chunks for level 'ServerLevel[new]'/minecraft:the_end
2023-05-26 20:44:34,211 - minecraft - INFO - [20:44:34] [Server thread/INFO]: [bot: Unpausing server...]
2023-05-26 20:44:34,211 - minecraft - INFO - [20:44:34] [Server thread/INFO]: Server unpaused.
2023-05-26 20:44:34,215 - minecraft - INFO - [20:44:34] [Render thread/INFO]: [CHAT] [bot: Unpausing server...]
2023-05-26 20:44:34,215 - minecraft - INFO - [20:44:34] [Render thread/INFO]: [CHAT] Server unpaused.
2023-05-26 20:44:35,216 - minecraft - INFO - [20:44:35] [Server thread/INFO]: bot lost connection: Отключение
2023-05-26 20:44:35,216 - minecraft - INFO - [20:44:35] [Server thread/INFO]: bot покинул игру
2023-05-26 20:44:35,217 - minecraft - INFO - [20:44:35] [Render thread/INFO]: [CHAT] bot покинул игру
2023-05-26 20:44:36,840 - minecraft - INFO - [20:44:36] [Render thread/INFO]: [CHAT] Неверный аргумент для команды
2023-05-26 20:44:36,840 - minecraft - INFO - [20:44:36] [Render thread/INFO]: [CHAT] gamemode sp<--[ЗДЕСЬ]
2023-05-26 20:44:37,040 - minecraft - INFO - [20:44:37] [User Authenticator #2/WARN]: Failed to verify username but will let them in anyway!
2023-05-26 20:44:37,130 - minecraft - INFO - [20:44:37] [Server thread/INFO]: bot[/[0:0:0:0:0:0:0:1]:3360] logged in with entity id 2435 at (-38.91926965883563, 111.0, 284.5198194455359)
2023-05-26 20:44:37,135 - minecraft - INFO - [20:44:37] [Server thread/INFO]: bot присоединился к игре
2023-05-26 20:44:37,139 - minecraft - INFO - [20:44:37] [Render thread/INFO]: [CHAT] bot присоединился к игре
2023-05-26 20:44:38,405 - minecraft - INFO - [20:44:38] [Render thread/INFO]: [CHAT] Неверный аргумент для команды
2023-05-26 20:44:38,406 - minecraft - INFO - [20:44:38] [Render thread/INFO]: [CHAT] gamemode sp<--[ЗДЕСЬ]
2023-05-26 20:44:38,777 - minecraft - INFO - [20:44:38] [Server thread/INFO]: [bot: Установлено значение игрового правила keepInventory: true]
2023-05-26 20:44:38,777 - minecraft - INFO - [20:44:38] [Server thread/INFO]: [bot: Установлено значение игрового правила doDaylightCycle: false]
2023-05-26 20:44:38,779 - minecraft - INFO - [20:44:38] [Server thread/INFO]: [bot: Pausing server...]
2023-05-26 20:44:38,779 - minecraft - INFO - [20:44:38] [Server thread/INFO]: Server paused.
2023-05-26 20:44:38,783 - minecraft - INFO - [20:44:38] [Render thread/INFO]: [CHAT] [bot: Установлено значение игрового правила keepInventory: true]
2023-05-26 20:44:38,783 - minecraft - INFO - [20:44:38] [Render thread/INFO]: [CHAT] [bot: Установлено значение игрового правила doDaylightCycle: false]
2023-05-26 20:44:38,783 - minecraft - INFO - [20:44:38] [Render thread/INFO]: [CHAT] [bot: Pausing server...]
2023-05-26 20:44:38,783 - minecraft - INFO - [20:44:38] [Render thread/INFO]: [CHAT] Server paused.
2023-05-26 20:44:38,809 - minecraft - INFO - [20:44:38] [Server thread/INFO]: Saving and pausing game...
2023-05-26 20:44:38,813 - minecraft - INFO - [20:44:38] [Server thread/INFO]: Saving chunks for level 'ServerLevel[new]'/minecraft:overworld
2023-05-26 20:44:38,817 - minecraft - INFO - [20:44:38] [Server thread/INFO]: Saving chunks for level 'ServerLevel[new]'/minecraft:the_nether
2023-05-26 20:44:38,817 - minecraft - INFO - [20:44:38] [Server thread/INFO]: Saving chunks for level 'ServerLevel[new]'/minecraft:the_end
2023-05-26 20:44:39,783 - minecraft - INFO - [20:44:39] [Server thread/INFO]: [bot: Unpausing server...]
2023-05-26 20:44:39,783 - minecraft - INFO - [20:44:39] [Server thread/INFO]: Server unpaused.
2023-05-26 20:44:39,785 - minecraft - INFO - [20:44:39] [Render thread/INFO]: [CHAT] [bot: Unpausing server...]
2023-05-26 20:44:39,785 - minecraft - INFO - [20:44:39] [Render thread/INFO]: [CHAT] Server unpaused.
2023-05-26 20:44:40,323 - minecraft - INFO - [20:44:40] [Server thread/INFO]: [daswer123: Ваш режим игры изменён на Режим наблюдателя]
2023-05-26 20:44:40,325 - minecraft - INFO - [20:44:40] [Render thread/INFO]: [CHAT] Ваш режим игры изменён на Режим наблюдателя
2023-05-26 20:44:41,764 - minecraft - INFO - [20:44:41] [Server thread/INFO]: [bot: Установлено время: 2000]
2023-05-26 20:44:41,765 - minecraft - INFO - [20:44:41] [Server thread/INFO]: [bot: Установлено значение игрового правила doTileDrops: false]
2023-05-26 20:44:41,768 - minecraft - INFO - [20:44:41] [Render thread/INFO]: [CHAT] [bot: Установлено время: 2000]
2023-05-26 20:44:41,768 - minecraft - INFO - [20:44:41] [Render thread/INFO]: [CHAT] [bot: Установлено значение игрового правила doTileDrops: false]
2023-05-26 20:44:44,164 - minecraft - INFO - [20:44:44] [Server thread/INFO]: [bot: Установлено значение игрового правила doTileDrops: true]
2023-05-26 20:44:44,168 - minecraft - INFO - [20:44:44] [Render thread/INFO]: [CHAT] [bot: Установлено значение игрового правила doTileDrops: true]
2023-05-26 20:44:44,174 - minecraft - INFO - [20:44:44] [Server thread/INFO]: [bot: Pausing server...]
2023-05-26 20:44:44,174 - minecraft - INFO - [20:44:44] [Server thread/INFO]: Server paused.
2023-05-26 20:44:44,176 - minecraft - INFO - [20:44:44] [Render thread/INFO]: [CHAT] [bot: Pausing server...]
2023-05-26 20:44:44,176 - minecraft - INFO - [20:44:44] [Render thread/INFO]: [CHAT] Server paused.
2023-05-26 20:44:44,209 - minecraft - INFO - [20:44:44] [Server thread/INFO]: Saving and pausing game...
2023-05-26 20:44:44,213 - minecraft - INFO - [20:44:44] [Server thread/INFO]: Saving chunks for level 'ServerLevel[new]'/minecraft:overworld
2023-05-26 20:44:44,216 - minecraft - INFO - [20:44:44] [Server thread/INFO]: Saving chunks for level 'ServerLevel[new]'/minecraft:the_nether
2023-05-26 20:44:44,216 - minecraft - INFO - [20:44:44] [Server thread/INFO]: Saving chunks for level 'ServerLevel[new]'/minecraft:the_end
2023-05-26 20:47:23,515 - minecraft - INFO - [20:47:23] [Server thread/INFO]: [bot: Unpausing server...]
2023-05-26 20:47:23,515 - minecraft - INFO - [20:47:23] [Server thread/INFO]: Server unpaused.
2023-05-26 20:47:23,521 - minecraft - INFO - [20:47:23] [Render thread/INFO]: [CHAT] [bot: Unpausing server...]
2023-05-26 20:47:23,521 - minecraft - INFO - [20:47:23] [Render thread/INFO]: [CHAT] Server unpaused.
2023-05-26 20:47:25,521 - minecraft - INFO - [20:47:25] [Server thread/INFO]: <bot> Explore success.
2023-05-26 20:47:25,526 - minecraft - INFO - [20:47:25] [Render thread/WARN]: Received chat packet without valid signature from bot
2023-05-26 20:47:25,526 - minecraft - INFO - [20:47:25] [Render thread/INFO]: [CHAT] <bot> Explore success.
2023-05-26 20:47:25,538 - minecraft - INFO - [20:47:25] [Server thread/INFO]: <bot> No oak_log nearby, please explore first
2023-05-26 20:47:25,543 - minecraft - INFO - [20:47:25] [Render thread/WARN]: Received chat packet without valid signature from bot
2023-05-26 20:47:25,543 - minecraft - INFO - [20:47:25] [Render thread/INFO]: [CHAT] <bot> No oak_log nearby, please explore first
2023-05-26 20:47:29,616 - minecraft - INFO - [20:47:29] [Server thread/WARN]: Mismatch in destroy block pos: class_2338{x=0, y=0, z=0} class_2338{x=-36, y=102, z=284}
2023-05-26 20:47:29,966 - minecraft - INFO - [20:47:29] [Server thread/WARN]: Mismatch in destroy block pos: class_2338{x=0, y=0, z=0} class_2338{x=-36, y=101, z=284}
2023-05-26 20:47:32,915 - minecraft - INFO - [20:47:32] [Server thread/WARN]: Mismatch in destroy block pos: class_2338{x=0, y=0, z=0} class_2338{x=-36, y=92, z=284}
2023-05-26 20:47:33,465 - minecraft - INFO - [20:47:33] [Server thread/WARN]: Mismatch in destroy block pos: class_2338{x=0, y=0, z=0} class_2338{x=-36, y=90, z=284}
2023-05-26 20:47:34,066 - minecraft - INFO - [20:47:34] [Server thread/WARN]: Mismatch in destroy block pos: class_2338{x=0, y=0, z=0} class_2338{x=-36, y=88, z=284}
2023-05-26 20:47:34,416 - minecraft - INFO - [20:47:34] [Server thread/WARN]: Mismatch in destroy block pos: class_2338{x=0, y=0, z=0} class_2338{x=-36, y=87, z=284}
2023-05-26 20:47:34,766 - minecraft - INFO - [20:47:34] [Server thread/WARN]: Mismatch in destroy block pos: class_2338{x=0, y=0, z=0} class_2338{x=-36, y=86, z=284}
2023-05-26 20:47:35,465 - minecraft - INFO - [20:47:35] [Server thread/WARN]: Mismatch in destroy block pos: class_2338{x=0, y=0, z=0} class_2338{x=-36, y=84, z=284}
2023-05-26 20:47:35,717 - minecraft - INFO - [20:47:35] [Server thread/WARN]: Mismatch in destroy block pos: class_2338{x=0, y=0, z=0} class_2338{x=-36, y=83, z=284}
2023-05-26 20:47:36,414 - minecraft - INFO - [20:47:36] [Server thread/WARN]: Mismatch in destroy block pos: class_2338{x=0, y=0, z=0} class_2338{x=-36, y=81, z=284}
2023-05-26 20:47:36,764 - minecraft - INFO - [20:47:36] [Server thread/WARN]: Mismatch in destroy block pos: class_2338{x=0, y=0, z=0} class_2338{x=-36, y=80, z=284}
2023-05-26 20:47:37,766 - minecraft - INFO - [20:47:37] [Server thread/WARN]: Mismatch in destroy block pos: class_2338{x=0, y=0, z=0} class_2338{x=-36, y=77, z=284}
2023-05-26 20:47:38,366 - minecraft - INFO - [20:47:38] [Server thread/WARN]: Mismatch in destroy block pos: class_2338{x=0, y=0, z=0} class_2338{x=-36, y=75, z=284}
2023-05-26 20:47:38,714 - minecraft - INFO - [20:47:38] [Server thread/WARN]: Mismatch in destroy block pos: class_2338{x=0, y=0, z=0} class_2338{x=-36, y=74, z=284}
2023-05-26 20:47:39,063 - minecraft - INFO - [20:47:39] [Server thread/WARN]: Mismatch in destroy block pos: class_2338{x=0, y=0, z=0} class_2338{x=-36, y=73, z=284}
2023-05-26 20:47:39,415 - minecraft - INFO - [20:47:39] [Server thread/WARN]: Mismatch in destroy block pos: class_2338{x=0, y=0, z=0} class_2338{x=-36, y=72, z=284}
2023-05-26 20:47:39,764 - minecraft - INFO - [20:47:39] [Server thread/WARN]: Mismatch in destroy block pos: class_2338{x=0, y=0, z=0} class_2338{x=-36, y=71, z=284}
2023-05-26 20:47:40,365 - minecraft - INFO - [20:47:40] [Server thread/WARN]: Mismatch in destroy block pos: class_2338{x=0, y=0, z=0} class_2338{x=-36, y=69, z=284}
2023-05-26 20:47:40,713 - minecraft - INFO - [20:47:40] [Server thread/WARN]: Mismatch in destroy block pos: class_2338{x=0, y=0, z=0} class_2338{x=-36, y=68, z=284}
2023-05-26 20:47:47,320 - minecraft - INFO - [20:47:47] [Server thread/WARN]: Mismatch in destroy block pos: class_2338{x=0, y=0, z=0} class_2338{x=-36, y=48, z=284}
2023-05-26 20:47:48,020 - minecraft - INFO - [20:47:48] [Server thread/WARN]: Mismatch in destroy block pos: class_2338{x=0, y=0, z=0} class_2338{x=-36, y=46, z=284}
2023-05-26 20:47:48,366 - minecraft - INFO - [20:47:48] [Server thread/WARN]: Mismatch in destroy block pos: class_2338{x=0, y=0, z=0} class_2338{x=-36, y=45, z=284}
2023-05-26 20:47:49,064 - minecraft - INFO - [20:47:49] [Server thread/WARN]: Mismatch in destroy block pos: class_2338{x=0, y=0, z=0} class_2338{x=-36, y=43, z=284}
2023-05-26 20:47:49,413 - minecraft - INFO - [20:47:49] [Server thread/WARN]: Mismatch in destroy block pos: class_2338{x=0, y=0, z=0} class_2338{x=-36, y=42, z=284}
2023-05-26 20:47:49,764 - minecraft - INFO - [20:47:49] [Server thread/WARN]: Mismatch in destroy block pos: class_2338{x=0, y=0, z=0} class_2338{x=-36, y=41, z=284}
2023-05-26 20:47:52,715 - minecraft - INFO - [20:47:52] [Server thread/WARN]: Mismatch in destroy block pos: class_2338{x=0, y=0, z=0} class_2338{x=-36, y=32, z=284}
2023-05-26 20:48:25,626 - minecraft - INFO - [20:48:25] [Server thread/INFO]: <bot> Max exploration time reached
2023-05-26 20:48:25,627 - minecraft - INFO - [20:48:25] [Server thread/INFO]: <bot> Could not find a tool.
2023-05-26 20:48:25,628 - minecraft - INFO - [20:48:25] [Server thread/INFO]: [bot: Установлено значение игрового правила doTileDrops: false]
2023-05-26 20:48:25,634 - minecraft - INFO - [20:48:25] [Render thread/WARN]: Received chat packet without valid signature from bot
2023-05-26 20:48:25,634 - minecraft - INFO - [20:48:25] [Render thread/INFO]: [CHAT] <bot> Max exploration time reached
2023-05-26 20:48:25,634 - minecraft - INFO - [20:48:25] [Render thread/WARN]: Received chat packet without valid signature from bot
2023-05-26 20:48:25,634 - minecraft - INFO - [20:48:25] [Render thread/INFO]: [CHAT] <bot> Could not find a tool.
2023-05-26 20:48:25,634 - minecraft - INFO - [20:48:25] [Render thread/INFO]: [CHAT] [bot: Установлено значение игрового правила doTileDrops: false]
2023-05-26 20:48:25,708 - minecraft - INFO - [20:48:25] [Server thread/INFO]: [bot: Установлено значение игрового правила doTileDrops: true]
2023-05-26 20:48:25,711 - minecraft - INFO - [20:48:25] [Render thread/INFO]: [CHAT] [bot: Установлено значение игрового правила doTileDrops: true]
2023-05-26 20:48:26,596 - minecraft - INFO - [20:48:26] [Server thread/INFO]: [bot: Pausing server...]
2023-05-26 20:48:26,596 - minecraft - INFO - [20:48:26] [Server thread/INFO]: Server paused.
2023-05-26 20:48:26,604 - minecraft - INFO - [20:48:26] [Render thread/INFO]: [CHAT] [bot: Pausing server...]
2023-05-26 20:48:26,604 - minecraft - INFO - [20:48:26] [Render thread/INFO]: [CHAT] Server paused.
2023-05-26 20:48:26,609 - minecraft - INFO - [20:48:26] [Server thread/INFO]: Saving and pausing game...
2023-05-26 20:48:26,620 - minecraft - INFO - [20:48:26] [Server thread/INFO]: Saving chunks for level 'ServerLevel[new]'/minecraft:overworld
2023-05-26 20:48:26,623 - minecraft - INFO - [20:48:26] [Server thread/INFO]: Saving chunks for level 'ServerLevel[new]'/minecraft:the_nether
2023-05-26 20:48:26,624 - minecraft - INFO - [20:48:26] [Server thread/INFO]: Saving chunks for level 'ServerLevel[new]'/minecraft:the_end
2023-05-26 20:49:33,098 - minecraft - INFO - [20:49:33] [Server thread/INFO]: [bot: Unpausing server...]
2023-05-26 20:49:33,098 - minecraft - INFO - [20:49:33] [Server thread/INFO]: Server unpaused.
2023-05-26 20:49:33,101 - minecraft - INFO - [20:49:33] [Render thread/INFO]: [CHAT] [bot: Unpausing server...]
2023-05-26 20:49:33,101 - minecraft - INFO - [20:49:33] [Render thread/INFO]: [CHAT] Server unpaused.
2023-05-26 20:49:34,119 - minecraft - INFO - [20:49:34] [Server thread/INFO]: bot lost connection: Отключение
2023-05-26 20:49:34,120 - minecraft - INFO - [20:49:34] [Server thread/INFO]: bot покинул игру
2023-05-26 20:49:34,121 - minecraft - INFO - [20:49:34] [Render thread/INFO]: [CHAT] bot покинул игру
2023-05-26 20:49:36,162 - minecraft - INFO - [20:49:36] [User Authenticator #3/WARN]: Failed to verify username but will let them in anyway!
2023-05-26 20:49:36,216 - minecraft - INFO - [20:49:36] [Server thread/INFO]: bot[/[0:0:0:0:0:0:0:1]:3432] logged in with entity id 2503 at (-34.7, 10.0, 287.7)
2023-05-26 20:49:36,220 - minecraft - INFO - [20:49:36] [Server thread/INFO]: bot присоединился к игре
2023-05-26 20:49:36,227 - minecraft - INFO - [20:49:36] [Render thread/INFO]: [CHAT] bot присоединился к игре
2023-05-26 20:49:37,871 - minecraft - INFO - [20:49:37] [Server thread/INFO]: [bot: Установлено значение игрового правила keepInventory: true]
2023-05-26 20:49:37,871 - minecraft - INFO - [20:49:37] [Server thread/INFO]: [bot: Установлено значение игрового правила doDaylightCycle: false]
2023-05-26 20:49:37,872 - minecraft - INFO - [20:49:37] [Render thread/INFO]: [CHAT] [bot: Установлено значение игрового правила keepInventory: true]
2023-05-26 20:49:37,872 - minecraft - INFO - [20:49:37] [Render thread/INFO]: [CHAT] [bot: Установлено значение игрового правила doDaylightCycle: false]
2023-05-26 20:49:37,873 - minecraft - INFO - [20:49:37] [Server thread/INFO]: [bot: Pausing server...]
2023-05-26 20:49:37,873 - minecraft - INFO - [20:49:37] [Server thread/INFO]: Server paused.
2023-05-26 20:49:37,881 - minecraft - INFO - [20:49:37] [Render thread/INFO]: [CHAT] [bot: Pausing server...]
2023-05-26 20:49:37,881 - minecraft - INFO - [20:49:37] [Render thread/INFO]: [CHAT] Server paused.
2023-05-26 20:49:37,909 - minecraft - INFO - [20:49:37] [Server thread/INFO]: Saving and pausing game...
2023-05-26 20:49:37,913 - minecraft - INFO - [20:49:37] [Server thread/INFO]: Saving chunks for level 'ServerLevel[new]'/minecraft:overworld
2023-05-26 20:49:37,916 - minecraft - INFO - [20:49:37] [Server thread/INFO]: Saving chunks for level 'ServerLevel[new]'/minecraft:the_nether
2023-05-26 20:49:37,917 - minecraft - INFO - [20:49:37] [Server thread/INFO]: Saving chunks for level 'ServerLevel[new]'/minecraft:the_end
2023-05-26 20:49:38,870 - minecraft - INFO - [20:49:38] [Server thread/INFO]: [bot: Unpausing server...]
2023-05-26 20:49:38,870 - minecraft - INFO - [20:49:38] [Server thread/INFO]: Server unpaused.
2023-05-26 20:49:38,878 - minecraft - INFO - [20:49:38] [Render thread/INFO]: [CHAT] [bot: Unpausing server...]
2023-05-26 20:49:38,878 - minecraft - INFO - [20:49:38] [Render thread/INFO]: [CHAT] Server unpaused.
2023-05-26 20:49:40,904 - minecraft - INFO - [20:49:40] [Server thread/INFO]: [bot: Установлено время: 3000]
2023-05-26 20:49:40,904 - minecraft - INFO - [20:49:40] [Server thread/INFO]: [bot: Установлено значение игрового правила doTileDrops: false]
2023-05-26 20:49:40,910 - minecraft - INFO - [20:49:40] [Render thread/INFO]: [CHAT] [bot: Установлено время: 3000]
2023-05-26 20:49:40,911 - minecraft - INFO - [20:49:40] [Render thread/INFO]: [CHAT] [bot: Установлено значение игрового правила doTileDrops: false]
2023-05-26 20:49:40,984 - minecraft - INFO - [20:49:40] [Server thread/INFO]: [bot: Установлено значение игрового правила doTileDrops: true]
2023-05-26 20:49:40,986 - minecraft - INFO - [20:49:40] [Render thread/INFO]: [CHAT] [bot: Установлено значение игрового правила doTileDrops: true]
2023-05-26 20:49:41,918 - minecraft - INFO - [20:49:41] [Server thread/INFO]: [bot: Pausing server...]
2023-05-26 20:49:41,918 - minecraft - INFO - [20:49:41] [Server thread/INFO]: Server paused.
2023-05-26 20:49:41,922 - minecraft - INFO - [20:49:41] [Render thread/INFO]: [CHAT] [bot: Pausing server...]
2023-05-26 20:49:41,922 - minecraft - INFO - [20:49:41] [Render thread/INFO]: [CHAT] Server paused.
2023-05-26 20:49:41,960 - minecraft - INFO - [20:49:41] [Server thread/INFO]: Saving and pausing game...
2023-05-26 20:49:41,964 - minecraft - INFO - [20:49:41] [Server thread/INFO]: Saving chunks for level 'ServerLevel[new]'/minecraft:overworld
2023-05-26 20:49:41,967 - minecraft - INFO - [20:49:41] [Server thread/INFO]: Saving chunks for level 'ServerLevel[new]'/minecraft:the_nether
2023-05-26 20:49:41,967 - minecraft - INFO - [20:49:41] [Server thread/INFO]: Saving chunks for level 'ServerLevel[new]'/minecraft:the_end
2023-05-26 20:51:48,064 - minecraft - INFO - [20:51:48] [Server thread/INFO]: [bot: Unpausing server...]
2023-05-26 20:51:48,064 - minecraft - INFO - [20:51:48] [Server thread/INFO]: Server unpaused.
2023-05-26 20:51:48,072 - minecraft - INFO - [20:51:48] [Render thread/INFO]: [CHAT] [bot: Unpausing server...]
2023-05-26 20:51:48,072 - minecraft - INFO - [20:51:48] [Render thread/INFO]: [CHAT] Server unpaused.
2023-05-26 20:51:50,045 - minecraft - INFO - [20:51:50] [Server thread/INFO]: <bot> Explore success.
2023-05-26 20:51:50,046 - minecraft - INFO - [20:51:50] [Render thread/WARN]: Received chat packet without valid signature from bot
2023-05-26 20:51:50,046 - minecraft - INFO - [20:51:50] [Render thread/INFO]: [CHAT] <bot> Explore success.
2023-05-26 20:51:50,054 - minecraft - INFO - [20:51:50] [Server thread/INFO]: <bot> I need at least a wooden_pickaxe to mine stone!  Skip it!
2023-05-26 20:51:50,058 - minecraft - INFO - [20:51:50] [Server thread/INFO]: <bot> Mined 1 stone blocks.
2023-05-26 20:51:50,064 - minecraft - INFO - [20:51:50] [Render thread/WARN]: Received chat packet without valid signature from bot
2023-05-26 20:51:50,064 - minecraft - INFO - [20:51:50] [Render thread/INFO]: [CHAT] <bot> I need at least a wooden_pickaxe to mine stone!  Skip it!
2023-05-26 20:51:50,064 - minecraft - INFO - [20:51:50] [Render thread/WARN]: Received chat packet without valid signature from bot
2023-05-26 20:51:50,064 - minecraft - INFO - [20:51:50] [Render thread/INFO]: [CHAT] <bot> Mined 1 stone blocks.
2023-05-26 20:51:50,065 - minecraft - INFO - [20:51:50] [Server thread/INFO]: <bot> Explore success.
2023-05-26 20:51:50,072 - minecraft - INFO - [20:51:50] [Server thread/INFO]: <bot> I need at least a wooden_pickaxe to mine stone!  Skip it!
2023-05-26 20:51:50,072 - minecraft - INFO - [20:51:50] [Render thread/WARN]: Received chat packet without valid signature from bot
2023-05-26 20:51:50,072 - minecraft - INFO - [20:51:50] [Render thread/INFO]: [CHAT] <bot> Explore success.
2023-05-26 20:51:50,072 - minecraft - INFO - [20:51:50] [Render thread/WARN]: Received chat packet without valid signature from bot
2023-05-26 20:51:50,072 - minecraft - INFO - [20:51:50] [Render thread/INFO]: [CHAT] <bot> I need at least a wooden_pickaxe to mine stone!  Skip it!
2023-05-26 20:51:50,076 - minecraft - INFO - [20:51:50] [Server thread/INFO]: <bot> Mined 2 stone blocks.
2023-05-26 20:51:50,081 - minecraft - INFO - [20:51:50] [Render thread/WARN]: Received chat packet without valid signature from bot
2023-05-26 20:51:50,081 - minecraft - INFO - [20:51:50] [Render thread/INFO]: [CHAT] <bot> Mined 2 stone blocks.
2023-05-26 20:51:50,081 - minecraft - INFO - [20:51:50] [Server thread/INFO]: <bot> Explore success.
2023-05-26 20:51:50,088 - minecraft - INFO - [20:51:50] [Server thread/INFO]: <bot> I need at least a wooden_pickaxe to mine stone!  Skip it!
2023-05-26 20:51:50,088 - minecraft - INFO - [20:51:50] [Render thread/WARN]: Received chat packet without valid signature from bot
2023-05-26 20:51:50,089 - minecraft - INFO - [20:51:50] [Render thread/INFO]: [CHAT] <bot> Explore success.
2023-05-26 20:51:50,089 - minecraft - INFO - [20:51:50] [Render thread/WARN]: Received chat packet without valid signature from bot
2023-05-26 20:51:50,089 - minecraft - INFO - [20:51:50] [Render thread/INFO]: [CHAT] <bot> I need at least a wooden_pickaxe to mine stone!  Skip it!
2023-05-26 20:51:50,092 - minecraft - INFO - [20:51:50] [Server thread/INFO]: <bot> Mined 3 stone blocks.
2023-05-26 20:51:50,096 - minecraft - INFO - [20:51:50] [Server thread/INFO]: <bot> Explore success.
2023-05-26 20:51:50,097 - minecraft - INFO - [20:51:50] [Render thread/WARN]: Received chat packet without valid signature from bot
2023-05-26 20:51:50,097 - minecraft - INFO - [20:51:50] [Render thread/INFO]: [CHAT] <bot> Mined 3 stone blocks.
2023-05-26 20:51:50,097 - minecraft - INFO - [20:51:50] [Render thread/WARN]: Received chat packet without valid signature from bot
2023-05-26 20:51:50,097 - minecraft - INFO - [20:51:50] [Render thread/INFO]: [CHAT] <bot> Explore success.
2023-05-26 20:51:50,103 - minecraft - INFO - [20:51:50] [Server thread/INFO]: <bot> I need at least a wooden_pickaxe to mine stone!  Skip it!
2023-05-26 20:51:50,105 - minecraft - INFO - [20:51:50] [Render thread/WARN]: Received chat packet without valid signature from bot
2023-05-26 20:51:50,105 - minecraft - INFO - [20:51:50] [Render thread/INFO]: [CHAT] <bot> I need at least a wooden_pickaxe to mine stone!  Skip it!
2023-05-26 20:51:50,107 - minecraft - INFO - [20:51:50] [Server thread/INFO]: <bot> Mined 4 stone blocks.
2023-05-26 20:51:50,114 - minecraft - INFO - [20:51:50] [Server thread/INFO]: <bot> Explore success.
2023-05-26 20:51:50,114 - minecraft - INFO - [20:51:50] [Render thread/WARN]: Received chat packet without valid signature from bot
2023-05-26 20:51:50,114 - minecraft - INFO - [20:51:50] [Render thread/INFO]: [CHAT] <bot> Mined 4 stone blocks.
2023-05-26 20:51:50,114 - minecraft - INFO - [20:51:50] [Render thread/WARN]: Received chat packet without valid signature from bot
2023-05-26 20:51:50,114 - minecraft - INFO - [20:51:50] [Render thread/INFO]: [CHAT] <bot> Explore success.
2023-05-26 20:51:50,119 - minecraft - INFO - [20:51:50] [Server thread/INFO]: <bot> I need at least a wooden_pickaxe to mine stone!  Skip it!
2023-05-26 20:51:50,122 - minecraft - INFO - [20:51:50] [Server thread/INFO]: <bot> Mined 5 stone blocks.
2023-05-26 20:51:50,122 - minecraft - INFO - [20:51:50] [Render thread/WARN]: Received chat packet without valid signature from bot
2023-05-26 20:51:50,122 - minecraft - INFO - [20:51:50] [Render thread/INFO]: [CHAT] <bot> I need at least a wooden_pickaxe to mine stone!  Skip it!
2023-05-26 20:51:50,123 - minecraft - INFO - [20:51:50] [Render thread/WARN]: Received chat packet without valid signature from bot
2023-05-26 20:51:50,123 - minecraft - INFO - [20:51:50] [Render thread/INFO]: [CHAT] <bot> Mined 5 stone blocks.
2023-05-26 20:51:50,128 - minecraft - INFO - [20:51:50] [Server thread/INFO]: <bot> Explore success.
2023-05-26 20:51:50,131 - minecraft - INFO - [20:51:50] [Render thread/WARN]: Received chat packet without valid signature from bot
2023-05-26 20:51:50,131 - minecraft - INFO - [20:51:50] [Render thread/INFO]: [CHAT] <bot> Explore success.
2023-05-26 20:51:50,134 - minecraft - INFO - [20:51:50] [Server thread/INFO]: <bot> I need at least a wooden_pickaxe to mine stone!  Skip it!
2023-05-26 20:51:50,138 - minecraft - INFO - [20:51:50] [Server thread/INFO]: <bot> Mined 6 stone blocks.
2023-05-26 20:51:50,139 - minecraft - INFO - [20:51:50] [Render thread/WARN]: Received chat packet without valid signature from bot
2023-05-26 20:51:50,139 - minecraft - INFO - [20:51:50] [Render thread/INFO]: [CHAT] <bot> I need at least a wooden_pickaxe to mine stone!  Skip it!
2023-05-26 20:51:50,139 - minecraft - INFO - [20:51:50] [Render thread/WARN]: Received chat packet without valid signature from bot
2023-05-26 20:51:50,139 - minecraft - INFO - [20:51:50] [Render thread/INFO]: [CHAT] <bot> Mined 6 stone blocks.
2023-05-26 20:51:50,143 - minecraft - INFO - [20:51:50] [Server thread/INFO]: <bot> Explore success.
2023-05-26 20:51:50,148 - minecraft - INFO - [20:51:50] [Render thread/WARN]: Received chat packet without valid signature from bot
2023-05-26 20:51:50,148 - minecraft - INFO - [20:51:50] [Render thread/INFO]: [CHAT] <bot> Explore success.
2023-05-26 20:51:50,150 - minecraft - INFO - [20:51:50] [Server thread/INFO]: <bot> I need at least a wooden_pickaxe to mine stone!  Skip it!
2023-05-26 20:51:50,153 - minecraft - INFO - [20:51:50] [Server thread/INFO]: <bot> Mined 7 stone blocks.
2023-05-26 20:51:50,156 - minecraft - INFO - [20:51:50] [Render thread/WARN]: Received chat packet without valid signature from bot
2023-05-26 20:51:50,156 - minecraft - INFO - [20:51:50] [Render thread/INFO]: [CHAT] <bot> I need at least a wooden_pickaxe to mine stone!  Skip it!
2023-05-26 20:51:50,156 - minecraft - INFO - [20:51:50] [Render thread/WARN]: Received chat packet without valid signature from bot
2023-05-26 20:51:50,156 - minecraft - INFO - [20:51:50] [Render thread/INFO]: [CHAT] <bot> Mined 7 stone blocks.
2023-05-26 20:51:50,158 - minecraft - INFO - [20:51:50] [Server thread/INFO]: <bot> Explore success.
2023-05-26 20:51:50,164 - minecraft - INFO - [20:51:50] [Render thread/WARN]: Received chat packet without valid signature from bot
2023-05-26 20:51:50,165 - minecraft - INFO - [20:51:50] [Render thread/INFO]: [CHAT] <bot> Explore success.
2023-05-26 20:51:50,165 - minecraft - INFO - [20:51:50] [Server thread/INFO]: <bot> I need at least a wooden_pickaxe to mine stone!  Skip it!
2023-05-26 20:51:50,168 - minecraft - INFO - [20:51:50] [Server thread/INFO]: <bot> Mined 8 stone blocks.
2023-05-26 20:51:50,173 - minecraft - INFO - [20:51:50] [Render thread/WARN]: Received chat packet without valid signature from bot
2023-05-26 20:51:50,173 - minecraft - INFO - [20:51:50] [Render thread/INFO]: [CHAT] <bot> I need at least a wooden_pickaxe to mine stone!  Skip it!
2023-05-26 20:51:50,173 - minecraft - INFO - [20:51:50] [Render thread/WARN]: Received chat packet without valid signature from bot
2023-05-26 20:51:50,173 - minecraft - INFO - [20:51:50] [Render thread/INFO]: [CHAT] <bot> Mined 8 stone blocks.
2023-05-26 20:51:50,174 - minecraft - INFO - [20:51:50] [Server thread/INFO]: <bot> Explore success.
2023-05-26 20:51:50,180 - minecraft - INFO - [20:51:50] [Server thread/INFO]: <bot> I need at least a wooden_pickaxe to mine stone!  Skip it!
2023-05-26 20:51:50,181 - minecraft - INFO - [20:51:50] [Render thread/WARN]: Received chat packet without valid signature from bot
2023-05-26 20:51:50,181 - minecraft - INFO - [20:51:50] [Render thread/INFO]: [CHAT] <bot> Explore success.
2023-05-26 20:51:50,181 - minecraft - INFO - [20:51:50] [Render thread/WARN]: Received chat packet without valid signature from bot
2023-05-26 20:51:50,181 - minecraft - INFO - [20:51:50] [Render thread/INFO]: [CHAT] <bot> I need at least a wooden_pickaxe to mine stone!  Skip it!
2023-05-26 20:51:50,184 - minecraft - INFO - [20:51:50] [Server thread/INFO]: <bot> Mined 9 stone blocks.
2023-05-26 20:51:50,188 - minecraft - INFO - [20:51:50] [Server thread/INFO]: <bot> Explore success.
2023-05-26 20:51:50,190 - minecraft - INFO - [20:51:50] [Render thread/WARN]: Received chat packet without valid signature from bot
2023-05-26 20:51:50,190 - minecraft - INFO - [20:51:50] [Render thread/INFO]: [CHAT] <bot> Mined 9 stone blocks.
2023-05-26 20:51:50,190 - minecraft - INFO - [20:51:50] [Render thread/WARN]: Received chat packet without valid signature from bot
2023-05-26 20:51:50,190 - minecraft - INFO - [20:51:50] [Render thread/INFO]: [CHAT] <bot> Explore success.
2023-05-26 20:51:50,195 - minecraft - INFO - [20:51:50] [Server thread/INFO]: <bot> I need at least a wooden_pickaxe to mine stone!  Skip it!
2023-05-26 20:51:50,198 - minecraft - INFO - [20:51:50] [Render thread/WARN]: Received chat packet without valid signature from bot
2023-05-26 20:51:50,198 - minecraft - INFO - [20:51:50] [Server thread/INFO]: <bot> Mined 10 stone blocks.
2023-05-26 20:51:50,198 - minecraft - INFO - [20:51:50] [Render thread/INFO]: [CHAT] <bot> I need at least a wooden_pickaxe to mine stone!  Skip it!
2023-05-26 20:51:50,200 - minecraft - INFO - [20:51:50] [Server thread/INFO]: [bot: Установлено значение игрового правила doTileDrops: false]
2023-05-26 20:51:50,200 - minecraft - INFO - [20:51:50] [Server thread/INFO]: <bot> Task completed.
2023-05-26 20:51:50,207 - minecraft - INFO - [20:51:50] [Render thread/WARN]: Received chat packet without valid signature from bot
2023-05-26 20:51:50,207 - minecraft - INFO - [20:51:50] [Render thread/INFO]: [CHAT] <bot> Mined 10 stone blocks.
2023-05-26 20:51:50,207 - minecraft - INFO - [20:51:50] [Render thread/INFO]: [CHAT] [bot: Установлено значение игрового правила doTileDrops: false]
2023-05-26 20:51:50,207 - minecraft - INFO - [20:51:50] [Render thread/WARN]: Received chat packet without valid signature from bot
2023-05-26 20:51:50,207 - minecraft - INFO - [20:51:50] [Render thread/INFO]: [CHAT] <bot> Task completed.
2023-05-26 20:51:50,265 - minecraft - INFO - [20:51:50] [Server thread/INFO]: [bot: Установлено значение игрового правила doTileDrops: true]
2023-05-26 20:51:50,268 - minecraft - INFO - [20:51:50] [Render thread/INFO]: [CHAT] [bot: Установлено значение игрового правила doTileDrops: true]
2023-05-26 20:51:51,067 - minecraft - INFO - [20:51:51] [Server thread/INFO]: [bot: Pausing server...]
2023-05-26 20:51:51,067 - minecraft - INFO - [20:51:51] [Server thread/INFO]: Server paused.
2023-05-26 20:51:51,075 - minecraft - INFO - [20:51:51] [Render thread/INFO]: [CHAT] [bot: Pausing server...]
2023-05-26 20:51:51,075 - minecraft - INFO - [20:51:51] [Render thread/INFO]: [CHAT] Server paused.
2023-05-26 20:51:51,109 - minecraft - INFO - [20:51:51] [Server thread/INFO]: Saving and pausing game...
2023-05-26 20:51:51,113 - minecraft - INFO - [20:51:51] [Server thread/INFO]: Saving chunks for level 'ServerLevel[new]'/minecraft:overworld
2023-05-26 20:51:51,116 - minecraft - INFO - [20:51:51] [Server thread/INFO]: Saving chunks for level 'ServerLevel[new]'/minecraft:the_nether
2023-05-26 20:51:51,116 - minecraft - INFO - [20:51:51] [Server thread/INFO]: Saving chunks for level 'ServerLevel[new]'/minecraft:the_end
2023-05-26 20:53:26,717 - minecraft - INFO - [20:53:26] [Server thread/INFO]: [bot: Unpausing server...]
2023-05-26 20:53:26,717 - minecraft - INFO - [20:53:26] [Server thread/INFO]: Server unpaused.
2023-05-26 20:53:26,718 - minecraft - INFO - [20:53:26] [Render thread/INFO]: [CHAT] [bot: Unpausing server...]
2023-05-26 20:53:26,719 - minecraft - INFO - [20:53:26] [Render thread/INFO]: [CHAT] Server unpaused.
2023-05-26 20:53:27,664 - minecraft - INFO - [20:53:27] [Server thread/INFO]: bot lost connection: Отключение
2023-05-26 20:53:27,664 - minecraft - INFO - [20:53:27] [Server thread/INFO]: bot покинул игру
2023-05-26 20:53:27,667 - minecraft - INFO - [20:53:27] [Render thread/INFO]: [CHAT] bot покинул игру
2023-05-26 20:53:29,764 - minecraft - INFO - [20:53:29] [User Authenticator #4/WARN]: Failed to verify username but will let them in anyway!
2023-05-26 20:53:29,868 - minecraft - INFO - [20:53:29] [Server thread/INFO]: bot[/[0:0:0:0:0:0:0:1]:3497] logged in with entity id 2513 at (-34.7, 10.0, 287.7)
2023-05-26 20:53:29,872 - minecraft - INFO - [20:53:29] [Server thread/INFO]: bot присоединился к игре
2023-05-26 20:53:29,877 - minecraft - INFO - [20:53:29] [Render thread/INFO]: [CHAT] bot присоединился к игре
2023-05-26 20:53:31,552 - minecraft - INFO - [20:53:31] [Server thread/INFO]: [bot: Установлено значение игрового правила keepInventory: true]
2023-05-26 20:53:31,553 - minecraft - INFO - [20:53:31] [Server thread/INFO]: [bot: Установлено значение игрового правила doDaylightCycle: false]
2023-05-26 20:53:31,554 - minecraft - INFO - [20:53:31] [Render thread/INFO]: [CHAT] [bot: Установлено значение игрового правила keepInventory: true]
2023-05-26 20:53:31,554 - minecraft - INFO - [20:53:31] [Render thread/INFO]: [CHAT] [bot: Установлено значение игрового правила doDaylightCycle: false]
2023-05-26 20:53:31,554 - minecraft - INFO - [20:53:31] [Server thread/INFO]: [bot: Pausing server...]
2023-05-26 20:53:31,554 - minecraft - INFO - [20:53:31] [Server thread/INFO]: Server paused.
2023-05-26 20:53:31,559 - minecraft - INFO - [20:53:31] [Server thread/INFO]: Saving and pausing game...
2023-05-26 20:53:31,563 - minecraft - INFO - [20:53:31] [Render thread/INFO]: [CHAT] [bot: Pausing server...]
2023-05-26 20:53:31,563 - minecraft - INFO - [20:53:31] [Render thread/INFO]: [CHAT] Server paused.
2023-05-26 20:53:31,563 - minecraft - INFO - [20:53:31] [Server thread/INFO]: Saving chunks for level 'ServerLevel[new]'/minecraft:overworld
2023-05-26 20:53:31,566 - minecraft - INFO - [20:53:31] [Server thread/INFO]: Saving chunks for level 'ServerLevel[new]'/minecraft:the_nether
2023-05-26 20:53:31,566 - minecraft - INFO - [20:53:31] [Server thread/INFO]: Saving chunks for level 'ServerLevel[new]'/minecraft:the_end
2023-05-26 20:53:31,610 - minecraft - INFO - [20:53:31] [Server thread/INFO]: Saving and pausing game...
2023-05-26 20:53:31,614 - minecraft - INFO - [20:53:31] [Server thread/INFO]: Saving chunks for level 'ServerLevel[new]'/minecraft:overworld
2023-05-26 20:53:31,617 - minecraft - INFO - [20:53:31] [Server thread/INFO]: Saving chunks for level 'ServerLevel[new]'/minecraft:the_nether
2023-05-26 20:53:31,617 - minecraft - INFO - [20:53:31] [Server thread/INFO]: Saving chunks for level 'ServerLevel[new]'/minecraft:the_end
2023-05-26 20:53:32,556 - minecraft - INFO - [20:53:32] [Server thread/INFO]: [bot: Unpausing server...]
2023-05-26 20:53:32,556 - minecraft - INFO - [20:53:32] [Server thread/INFO]: Server unpaused.
2023-05-26 20:53:32,562 - minecraft - INFO - [20:53:32] [Render thread/INFO]: [CHAT] [bot: Unpausing server...]
2023-05-26 20:53:32,562 - minecraft - INFO - [20:53:32] [Render thread/INFO]: [CHAT] Server unpaused.
2023-05-26 20:53:34,579 - minecraft - INFO - [20:53:34] [Server thread/INFO]: [bot: Установлено время: 4000]
2023-05-26 20:53:34,579 - minecraft - INFO - [20:53:34] [Server thread/INFO]: [bot: Установлено значение игрового правила doTileDrops: false]
2023-05-26 20:53:34,579 - minecraft - INFO - [20:53:34] [Render thread/INFO]: [CHAT] [bot: Установлено время: 4000]
2023-05-26 20:53:34,579 - minecraft - INFO - [20:53:34] [Render thread/INFO]: [CHAT] [bot: Установлено значение игрового правила doTileDrops: false]
2023-05-26 20:53:34,653 - minecraft - INFO - [20:53:34] [Server thread/INFO]: [bot: Установлено значение игрового правила doTileDrops: true]
2023-05-26 20:53:34,657 - minecraft - INFO - [20:53:34] [Render thread/INFO]: [CHAT] [bot: Установлено значение игрового правила doTileDrops: true]
2023-05-26 20:53:35,567 - minecraft - INFO - [20:53:35] [Server thread/INFO]: [bot: Pausing server...]
2023-05-26 20:53:35,568 - minecraft - INFO - [20:53:35] [Server thread/INFO]: Server paused.
2023-05-26 20:53:35,568 - minecraft - INFO - [20:53:35] [Render thread/INFO]: [CHAT] [bot: Pausing server...]
2023-05-26 20:53:35,568 - minecraft - INFO - [20:53:35] [Render thread/INFO]: [CHAT] Server paused.
2023-05-26 20:53:35,610 - minecraft - INFO - [20:53:35] [Server thread/INFO]: Saving and pausing game...
2023-05-26 20:53:35,615 - minecraft - INFO - [20:53:35] [Server thread/INFO]: Saving chunks for level 'ServerLevel[new]'/minecraft:overworld
2023-05-26 20:53:35,618 - minecraft - INFO - [20:53:35] [Server thread/INFO]: Saving chunks for level 'ServerLevel[new]'/minecraft:the_nether
2023-05-26 20:53:35,618 - minecraft - INFO - [20:53:35] [Server thread/INFO]: Saving chunks for level 'ServerLevel[new]'/minecraft:the_end
2023-05-26 20:55:01,129 - minecraft - INFO - [20:55:01] [Server thread/INFO]: [bot: Unpausing server...]
2023-05-26 20:55:01,129 - minecraft - INFO - [20:55:01] [Server thread/INFO]: Server unpaused.
2023-05-26 20:55:01,138 - minecraft - INFO - [20:55:01] [Render thread/INFO]: [CHAT] [bot: Unpausing server...]
2023-05-26 20:55:01,138 - minecraft - INFO - [20:55:01] [Render thread/INFO]: [CHAT] Server unpaused.
2023-05-26 20:55:31,280 - minecraft - INFO - [20:55:31] [Server thread/INFO]: [bot: Pausing server...]
2023-05-26 20:55:31,281 - minecraft - INFO - [20:55:31] [Server thread/INFO]: Server paused.
2023-05-26 20:55:31,286 - minecraft - INFO - [20:55:31] [Render thread/INFO]: [CHAT] [bot: Pausing server...]
2023-05-26 20:55:31,286 - minecraft - INFO - [20:55:31] [Render thread/INFO]: [CHAT] Server paused.
2023-05-26 20:55:31,309 - minecraft - INFO - [20:55:31] [Server thread/INFO]: Saving and pausing game...
2023-05-26 20:55:31,313 - minecraft - INFO - [20:55:31] [Server thread/INFO]: Saving chunks for level 'ServerLevel[new]'/minecraft:overworld
2023-05-26 20:55:31,317 - minecraft - INFO - [20:55:31] [Server thread/INFO]: Saving chunks for level 'ServerLevel[new]'/minecraft:the_nether
2023-05-26 20:55:31,318 - minecraft - INFO - [20:55:31] [Server thread/INFO]: Saving chunks for level 'ServerLevel[new]'/minecraft:the_end
2023-05-26 20:55:35,070 - minecraft - INFO - [20:55:35] [Server thread/INFO]: <bot> Max exploration time reached
2023-05-26 20:55:35,072 - minecraft - INFO - [20:55:35] [Server thread/INFO]: <bot> Could not find a cow.
2023-05-26 20:55:35,072 - minecraft - INFO - [20:55:35] [Server thread/INFO]: [bot: Установлено значение игрового правила doTileDrops: false]
2023-05-26 20:55:35,074 - minecraft - INFO - [20:55:35] [Render thread/WARN]: Received chat packet without valid signature from bot
2023-05-26 20:55:35,074 - minecraft - INFO - [20:55:35] [Render thread/INFO]: [CHAT] <bot> Max exploration time reached
2023-05-26 20:55:35,074 - minecraft - INFO - [20:55:35] [Render thread/WARN]: Received chat packet without valid signature from bot
2023-05-26 20:55:35,074 - minecraft - INFO - [20:55:35] [Render thread/INFO]: [CHAT] <bot> Could not find a cow.
2023-05-26 20:55:35,074 - minecraft - INFO - [20:55:35] [Render thread/INFO]: [CHAT] [bot: Установлено значение игрового правила doTileDrops: false]
2023-05-26 20:55:35,142 - minecraft - INFO - [20:55:35] [Server thread/INFO]: [bot: Установлено значение игрового правила doTileDrops: true]
2023-05-26 20:55:35,143 - minecraft - INFO - [20:55:35] [Render thread/INFO]: [CHAT] [bot: Установлено значение игрового правила doTileDrops: true]
2023-05-26 20:57:15,882 - minecraft - INFO - [20:57:15] [Server thread/INFO]: [bot: Unpausing server...]
2023-05-26 20:57:15,882 - minecraft - INFO - [20:57:15] [Server thread/INFO]: Server unpaused.
2023-05-26 20:57:15,888 - minecraft - INFO - [20:57:15] [Render thread/INFO]: [CHAT] [bot: Unpausing server...]
2023-05-26 20:57:15,888 - minecraft - INFO - [20:57:15] [Render thread/INFO]: [CHAT] Server unpaused.
2023-05-26 20:57:16,913 - minecraft - INFO - [20:57:16] [Server thread/INFO]: bot lost connection: Отключение
2023-05-26 20:57:16,913 - minecraft - INFO - [20:57:16] [Server thread/INFO]: bot покинул игру
2023-05-26 20:57:16,914 - minecraft - INFO - [20:57:16] [Render thread/INFO]: [CHAT] bot покинул игру
2023-05-26 20:57:18,895 - minecraft - INFO - [20:57:18] [User Authenticator #5/WARN]: Failed to verify username but will let them in anyway!
2023-05-26 20:57:18,966 - minecraft - INFO - [20:57:18] [Server thread/INFO]: bot[/[0:0:0:0:0:0:0:1]:3570] logged in with entity id 2534 at (-34.7, 10.0, 286.7)
2023-05-26 20:57:18,970 - minecraft - INFO - [20:57:18] [Server thread/INFO]: bot присоединился к игре
2023-05-26 20:57:18,974 - minecraft - INFO - [20:57:18] [Render thread/INFO]: [CHAT] bot присоединился к игре
2023-05-26 20:57:20,599 - minecraft - INFO - [20:57:20] [Server thread/INFO]: [bot: Установлено значение игрового правила keepInventory: true]
2023-05-26 20:57:20,599 - minecraft - INFO - [20:57:20] [Server thread/INFO]: [bot: Установлено значение игрового правила doDaylightCycle: false]
2023-05-26 20:57:20,602 - minecraft - INFO - [20:57:20] [Server thread/INFO]: [bot: Pausing server...]
2023-05-26 20:57:20,602 - minecraft - INFO - [20:57:20] [Server thread/INFO]: Server paused.
2023-05-26 20:57:20,603 - minecraft - INFO - [20:57:20] [Render thread/INFO]: [CHAT] [bot: Установлено значение игрового правила keepInventory: true]
2023-05-26 20:57:20,603 - minecraft - INFO - [20:57:20] [Render thread/INFO]: [CHAT] [bot: Установлено значение игрового правила doDaylightCycle: false]
2023-05-26 20:57:20,603 - minecraft - INFO - [20:57:20] [Render thread/INFO]: [CHAT] [bot: Pausing server...]
2023-05-26 20:57:20,603 - minecraft - INFO - [20:57:20] [Render thread/INFO]: [CHAT] Server paused.
2023-05-26 20:57:20,610 - minecraft - INFO - [20:57:20] [Server thread/INFO]: Saving and pausing game...
2023-05-26 20:57:20,614 - minecraft - INFO - [20:57:20] [Server thread/INFO]: Saving chunks for level 'ServerLevel[new]'/minecraft:overworld
2023-05-26 20:57:20,617 - minecraft - INFO - [20:57:20] [Server thread/INFO]: Saving chunks for level 'ServerLevel[new]'/minecraft:the_nether
2023-05-26 20:57:20,617 - minecraft - INFO - [20:57:20] [Server thread/INFO]: Saving chunks for level 'ServerLevel[new]'/minecraft:the_end
2023-05-26 20:57:21,604 - minecraft - INFO - [20:57:21] [Server thread/INFO]: [bot: Unpausing server...]
2023-05-26 20:57:21,604 - minecraft - INFO - [20:57:21] [Server thread/INFO]: Server unpaused.
2023-05-26 20:57:21,604 - minecraft - INFO - [20:57:21] [Render thread/INFO]: [CHAT] [bot: Unpausing server...]
2023-05-26 20:57:21,605 - minecraft - INFO - [20:57:21] [Render thread/INFO]: [CHAT] Server unpaused.
2023-05-26 20:57:23,614 - minecraft - INFO - [20:57:23] [Server thread/INFO]: [bot: Установлено время: 5000]
2023-05-26 20:57:23,614 - minecraft - INFO - [20:57:23] [Server thread/INFO]: [bot: Установлено значение игрового правила doTileDrops: false]
2023-05-26 20:57:23,621 - minecraft - INFO - [20:57:23] [Render thread/INFO]: [CHAT] [bot: Установлено время: 5000]
2023-05-26 20:57:23,621 - minecraft - INFO - [20:57:23] [Render thread/INFO]: [CHAT] [bot: Установлено значение игрового правила doTileDrops: false]
2023-05-26 20:57:23,699 - minecraft - INFO - [20:57:23] [Server thread/INFO]: [bot: Установлено значение игрового правила doTileDrops: true]
2023-05-26 20:57:23,707 - minecraft - INFO - [20:57:23] [Render thread/INFO]: [CHAT] [bot: Установлено значение игрового правила doTileDrops: true]
2023-05-26 20:57:24,616 - minecraft - INFO - [20:57:24] [Server thread/INFO]: [bot: Pausing server...]
2023-05-26 20:57:24,616 - minecraft - INFO - [20:57:24] [Server thread/INFO]: Server paused.
2023-05-26 20:57:24,622 - minecraft - INFO - [20:57:24] [Render thread/INFO]: [CHAT] [bot: Pausing server...]
2023-05-26 20:57:24,622 - minecraft - INFO - [20:57:24] [Render thread/INFO]: [CHAT] Server paused.
2023-05-26 20:57:24,659 - minecraft - INFO - [20:57:24] [Server thread/INFO]: Saving and pausing game...
2023-05-26 20:57:24,671 - minecraft - INFO - [20:57:24] [Server thread/INFO]: Saving chunks for level 'ServerLevel[new]'/minecraft:overworld
2023-05-26 20:57:24,673 - minecraft - INFO - [20:57:24] [Server thread/INFO]: Saving chunks for level 'ServerLevel[new]'/minecraft:the_nether
2023-05-26 20:57:24,673 - minecraft - INFO - [20:57:24] [Server thread/INFO]: Saving chunks for level 'ServerLevel[new]'/minecraft:the_end
2023-05-26 20:58:10,893 - minecraft - INFO - [20:58:10] [Server thread/INFO]: [daswer123: daswer123 телепортирован в точку -34.700000, 80.000000, 287.700000]
2023-05-26 20:58:10,899 - minecraft - INFO - [20:58:10] [Render thread/INFO]: [CHAT] daswer123 телепортирован в точку -34.700000, 80.000000, 287.700000
2023-05-26 20:58:23,684 - minecraft - INFO - [20:58:23] [Server thread/INFO]: [daswer123: daswer123 телепортирован к bot]
2023-05-26 20:58:23,684 - minecraft - INFO - [20:58:23] [Render thread/INFO]: [CHAT] daswer123 телепортирован к bot
2023-05-26 21:00:28,459 - minecraft - INFO - [21:00:28] [Server thread/INFO]: Saving and pausing game...
2023-05-26 21:00:28,470 - minecraft - INFO - [21:00:28] [Server thread/INFO]: Saving chunks for level 'ServerLevel[new]'/minecraft:overworld
2023-05-26 21:00:28,475 - minecraft - INFO - [21:00:28] [Server thread/INFO]: Saving chunks for level 'ServerLevel[new]'/minecraft:the_nether
2023-05-26 21:00:28,475 - minecraft - INFO - [21:00:28] [Server thread/INFO]: Saving chunks for level 'ServerLevel[new]'/minecraft:the_end
2023-05-26 21:00:28,477 - minecraft - INFO - [21:00:28] [Server thread/INFO]: daswer123 lost connection: Отключение
2023-05-26 21:00:28,477 - minecraft - INFO - [21:00:28] [Server thread/INFO]: daswer123 покинул игру
2023-05-26 21:00:28,479 - minecraft - INFO - [21:00:28] [Server thread/INFO]: Stopping singleplayer server as player logged out
2023-05-26 21:00:28,510 - minecraft - INFO - [21:00:28] [Server thread/INFO]: Stopping server
2023-05-26 21:00:28,510 - minecraft - INFO - [21:00:28] [Server thread/INFO]: Saving players
2023-05-26 21:00:28,510 - minecraft - INFO - [21:00:28] [Server thread/INFO]: Saving worlds
2023-05-26 21:00:29,532 - minecraft - INFO - [21:00:29] [Server thread/INFO]: Saving chunks for level 'ServerLevel[new]'/minecraft:overworld
2023-05-26 21:00:29,626 - minecraft - INFO - [21:00:29] [Server thread/INFO]: Saving chunks for level 'ServerLevel[new]'/minecraft:the_nether
2023-05-26 21:00:29,626 - minecraft - INFO - [21:00:29] [Server thread/INFO]: Saving chunks for level 'ServerLevel[new]'/minecraft:the_end
2023-05-26 21:00:29,628 - minecraft - INFO - [21:00:29] [Server thread/INFO]: ThreadedAnvilChunkStorage (new): All chunks are saved
2023-05-26 21:00:29,628 - minecraft - INFO - [21:00:29] [Server thread/INFO]: ThreadedAnvilChunkStorage (DIM-1): All chunks are saved
2023-05-26 21:00:29,628 - minecraft - INFO - [21:00:29] [Server thread/INFO]: ThreadedAnvilChunkStorage (DIM1): All chunks are saved
2023-05-26 21:00:29,629 - minecraft - INFO - [21:00:29] [Server thread/INFO]: ThreadedAnvilChunkStorage: All dimensions are saved
2023-05-26 21:00:42,475 - minecraft - INFO - [21:00:42] [Render thread/INFO]: Deleting level new
2023-05-26 21:00:42,475 - minecraft - INFO - [21:00:42] [Render thread/INFO]: Attempt 1...
2023-05-26 21:00:42,870 - minecraft - INFO - [21:00:42] [Render thread/INFO]: Loaded 7 recipes
2023-05-26 21:00:42,894 - minecraft - INFO - [21:00:42] [Render thread/INFO]: Loaded 1179 advancements
2023-05-26 21:00:44,588 - minecraft - INFO - [21:00:44] [Render thread/INFO]: Loaded 7 recipes
2023-05-26 21:00:44,611 - minecraft - INFO - [21:00:44] [Render thread/INFO]: Loaded 1179 advancements
2023-05-26 21:00:56,476 - minecraft - INFO - [21:00:56] [Render thread/INFO]: Loaded 7 recipes
2023-05-26 21:00:56,498 - minecraft - INFO - [21:00:56] [Render thread/INFO]: Loaded 1179 advancements
2023-05-26 21:00:56,714 - minecraft - INFO - [21:00:56] [Render thread/INFO]: Applied 0 biome modifications to 0 of 63 new biomes in 153.2 ?s
2023-05-26 21:00:56,715 - minecraft - INFO - [21:00:56] [Server thread/INFO]: Starting integrated minecraft server version 1.19
2023-05-26 21:00:56,715 - minecraft - INFO - [21:00:56] [Server thread/INFO]: Generating keypair
2023-05-26 21:01:04,442 - minecraft - INFO - [21:01:04] [Server thread/INFO]: Preparing start region for dimension minecraft:overworld
2023-05-26 21:01:04,572 - minecraft - INFO - [21:01:04] [Render thread/INFO]: Подготовка области возрождения: 0%
2023-05-26 21:01:04,982 - minecraft - INFO - [21:01:04] [Render thread/INFO]: Подготовка области возрождения: 0%
2023-05-26 21:01:05,460 - minecraft - INFO - [21:01:05] [Render thread/INFO]: Подготовка области возрождения: 3%
2023-05-26 21:01:05,976 - minecraft - INFO - [21:01:05] [Render thread/INFO]: Подготовка области возрождения: 6%
2023-05-26 21:01:06,475 - minecraft - INFO - [21:01:06] [Render thread/INFO]: Подготовка области возрождения: 10%
2023-05-26 21:01:07,158 - minecraft - INFO - [21:01:07] [Render thread/INFO]: Подготовка области возрождения: 13%
2023-05-26 21:01:07,473 - minecraft - INFO - [21:01:07] [Render thread/INFO]: Подготовка области возрождения: 16%
2023-05-26 21:01:07,964 - minecraft - INFO - [21:01:07] [Render thread/INFO]: Подготовка области возрождения: 18%
2023-05-26 21:01:08,474 - minecraft - INFO - [21:01:08] [Render thread/INFO]: Подготовка области возрождения: 24%
2023-05-26 21:01:08,961 - minecraft - INFO - [21:01:08] [Render thread/INFO]: Подготовка области возрождения: 31%
2023-05-26 21:01:09,465 - minecraft - INFO - [21:01:09] [Render thread/INFO]: Подготовка области возрождения: 34%
2023-05-26 21:01:09,961 - minecraft - INFO - [21:01:09] [Render thread/INFO]: Подготовка области возрождения: 43%
2023-05-26 21:01:10,467 - minecraft - INFO - [21:01:10] [Render thread/INFO]: Подготовка области возрождения: 46%
2023-05-26 21:01:10,961 - minecraft - INFO - [21:01:10] [Render thread/INFO]: Подготовка области возрождения: 47%
2023-05-26 21:01:11,462 - minecraft - INFO - [21:01:11] [Render thread/INFO]: Подготовка области возрождения: 56%
2023-05-26 21:01:11,974 - minecraft - INFO - [21:01:11] [Render thread/INFO]: Подготовка области возрождения: 61%
2023-05-26 21:01:12,462 - minecraft - INFO - [21:01:12] [Render thread/INFO]: Подготовка области возрождения: 68%
2023-05-26 21:01:12,964 - minecraft - INFO - [21:01:12] [Render thread/INFO]: Подготовка области возрождения: 72%
2023-05-26 21:01:13,467 - minecraft - INFO - [21:01:13] [Render thread/INFO]: Подготовка области возрождения: 81%
2023-05-26 21:01:13,962 - minecraft - INFO - [21:01:13] [Render thread/INFO]: Подготовка области возрождения: 84%
2023-05-26 21:01:14,475 - minecraft - INFO - [21:01:14] [Render thread/INFO]: Подготовка области возрождения: 92%
2023-05-26 21:01:14,945 - minecraft - INFO - [21:01:14] [Server thread/INFO]: Changing view distance to 12, from 10
2023-05-26 21:01:14,946 - minecraft - INFO - [21:01:14] [Server thread/INFO]: Changing simulation distance to 12, from 0
2023-05-26 21:01:14,953 - minecraft - INFO - [21:01:14] [Render thread/INFO]: Time elapsed: 10495 ms
2023-05-26 21:01:15,047 - minecraft - INFO - [21:01:15] [Server thread/INFO]: daswer123[local:E:cfc3a2de] logged in with entity id 2644 at (60.5, 81.0, -113.5)
2023-05-26 21:01:15,050 - minecraft - INFO - [21:01:15] [Server thread/INFO]: daswer123 присоединился к игре
2023-05-26 21:01:15,250 - minecraft - INFO - [21:01:15] [Render thread/INFO]: Loaded 0 advancements
2023-05-26 21:01:28,937 - minecraft - INFO - [21:01:28] [Server thread/INFO]: Saving and pausing game...
2023-05-26 21:01:28,939 - minecraft - INFO - [21:01:28] [Server thread/INFO]: Saving chunks for level 'ServerLevel[AI]'/minecraft:overworld
2023-05-26 21:01:28,943 - minecraft - INFO - [21:01:28] [Server thread/INFO]: Saving chunks for level 'ServerLevel[AI]'/minecraft:the_nether
2023-05-26 21:01:28,943 - minecraft - INFO - [21:01:28] [Server thread/INFO]: Saving chunks for level 'ServerLevel[AI]'/minecraft:the_end
2023-05-26 21:01:29,688 - minecraft - INFO - [21:01:29] [Server thread/INFO]: Saving and pausing game...
2023-05-26 21:01:29,690 - minecraft - INFO - [21:01:29] [Server thread/INFO]: Saving chunks for level 'ServerLevel[AI]'/minecraft:overworld
2023-05-26 21:01:29,692 - minecraft - INFO - [21:01:29] [Server thread/INFO]: Saving chunks for level 'ServerLevel[AI]'/minecraft:the_nether
2023-05-26 21:01:29,692 - minecraft - INFO - [21:01:29] [Server thread/INFO]: Saving chunks for level 'ServerLevel[AI]'/minecraft:the_end
2023-05-26 21:01:33,951 - minecraft - INFO - [21:01:33] [Render thread/INFO]: Using default channel type
2023-05-26 21:01:33,952 - minecraft - INFO - [21:01:33] [Render thread/INFO]: Started serving on 3612
2023-05-26 21:01:33,952 - minecraft - INFO - Subprocess is ready.
2023-05-26 21:01:33,954 - minecraft - INFO - [21:01:33] [Render thread/INFO]: [CHAT] Порт локального сервера: 3612
2023-05-26 21:01:36,887 - minecraft - INFO - [21:01:36] [Server thread/INFO]: Saving and pausing game...
2023-05-26 21:01:36,889 - minecraft - INFO - [21:01:36] [Server thread/INFO]: Saving chunks for level 'ServerLevel[AI]'/minecraft:overworld
2023-05-26 21:01:36,892 - minecraft - INFO - [21:01:36] [Server thread/INFO]: Saving chunks for level 'ServerLevel[AI]'/minecraft:the_nether
2023-05-26 21:01:36,892 - minecraft - INFO - [21:01:36] [Server thread/INFO]: Saving chunks for level 'ServerLevel[AI]'/minecraft:the_end
